"E:/dev/Game_UDGAP/Final/preproject/test/Content/ArtResources/StaticMesh/otherM/Material_006.uasset" 0
"E:/dev/Game_UDGAP/Final/preproject/test/Content/ArtResources/StaticMesh/otherM/Material_006.uexp" 1
"E:/dev/Game_UDGAP/Final/preproject/test/Content/ArtResources/StaticMesh/otherM/Material_005.uasset" 2
"E:/dev/Game_UDGAP/Final/preproject/test/Content/ArtResources/StaticMesh/otherM/Material_005.uexp" 3
"E:/dev/Game_UDGAP/Final/preproject/test/Content/ArtResources/StaticMesh/otherM/Material_004.uasset" 4
"E:/dev/Game_UDGAP/Final/preproject/test/Content/ArtResources/StaticMesh/otherM/Material_004.uexp" 5
"E:/dev/Game_UDGAP/Final/preproject/test/Content/ArtResources/StaticMesh/otherM/Material_003.uasset" 6
"E:/dev/Game_UDGAP/Final/preproject/test/Content/ArtResources/StaticMesh/otherM/Material_003.uexp" 7
"E:/dev/Game_UDGAP/Final/preproject/test/Content/ArtResources/StaticMesh/otherM/Material_002.uasset" 8
"E:/dev/Game_UDGAP/Final/preproject/test/Content/ArtResources/StaticMesh/otherM/Material_002.uexp" 9
"E:/dev/Game_UDGAP/Final/preproject/test/Content/ArtResources/StaticMesh/otherM/Material_001.uasset" 10
"E:/dev/Game_UDGAP/Final/preproject/test/Content/ArtResources/StaticMesh/otherM/Material_001.uexp" 11
"E:/dev/Game_UDGAP/Final/preproject/test/Content/ArtResources/StaticMesh/otherM/M_7.uasset" 12
"E:/dev/Game_UDGAP/Final/preproject/test/Content/ArtResources/StaticMesh/otherM/M_7.uexp" 13
"E:/dev/Game_UDGAP/Final/preproject/test/Content/ArtResources/StaticMesh/home.uasset" 14
"E:/dev/Game_UDGAP/Final/preproject/test/Content/ArtResources/StaticMesh/home.uexp" 15
"E:/dev/Game_UDGAP/Final/preproject/test/Content/Item/ItemBase.uasset" 16
"E:/dev/Game_UDGAP/Final/preproject/test/Content/Item/ItemBase.uexp" 17
"E:/dev/Game_UDGAP/Final/preproject/test/Content/Item/ItemBase/Home.uasset" 18
"E:/dev/Game_UDGAP/Final/preproject/test/Content/Item/ItemBase/Home.uexp" 19
"E:/dev/Game_UDGAP/Final/preproject/test/Content/AI/Enemy/FindHome.uasset" 20
"E:/dev/Game_UDGAP/Final/preproject/test/Content/AI/Enemy/FindHome.uexp" 21
"E:/dev/Game_UDGAP/Final/preproject/test/Content/Music/Into-Battle.uasset" 22
"E:/dev/Game_UDGAP/Final/preproject/test/Content/Music/Into-Battle.uexp" 23
"E:/dev/Game_UDGAP/Final/preproject/test/Content/Music/Dreaming-at-Altitude.uasset" 24
"E:/dev/Game_UDGAP/Final/preproject/test/Content/Music/Dreaming-at-Altitude.uexp" 25
"E:/dev/Game_UDGAP/Final/preproject/test/Content/Music/Built_tower_01.uasset" 26
"E:/dev/Game_UDGAP/Final/preproject/test/Content/Music/Built_tower_01.uexp" 27
"E:/dev/Game_UDGAP/Final/preproject/test/Content/AI/Tower/EQS_FindEnemya_Fire.uasset" 28
"E:/dev/Game_UDGAP/Final/preproject/test/Content/AI/Tower/EQS_FindEnemya_Fire.uexp" 29
"E:/dev/Game_UDGAP/Final/preproject/test/Content/Music/Enemy_IceHit_01.uasset" 30
"E:/dev/Game_UDGAP/Final/preproject/test/Content/Music/Enemy_IceHit_01.uexp" 31
"E:/dev/Game_UDGAP/Final/preproject/test/Content/Music/Enemy_FireHit_01.uasset" 32
"E:/dev/Game_UDGAP/Final/preproject/test/Content/Music/Enemy_FireHit_01.uexp" 33
"E:/dev/Game_UDGAP/Final/preproject/test/Content/Item/ItemBase/BulletBase.uasset" 34
"E:/dev/Game_UDGAP/Final/preproject/test/Content/Item/ItemBase/BulletBase.uexp" 35
"E:/dev/Game_UDGAP/Final/preproject/test/Content/ArtResources/Texture/T_Perlin_Noise_M.uasset" 36
"E:/dev/Game_UDGAP/Final/preproject/test/Content/ArtResources/Texture/T_Perlin_Noise_M.uexp" 37
"E:/dev/Game_UDGAP/Final/preproject/test/Content/ArtResources/Texture/T_Perlin_Noise_M.ubulk" 38
"E:/dev/Game_UDGAP/Final/preproject/test/Content/ArtResources/Material/Ball/T_EnergyLines.uasset" 39
"E:/dev/Game_UDGAP/Final/preproject/test/Content/ArtResources/Material/Ball/T_EnergyLines.uexp" 40
"E:/dev/Game_UDGAP/Final/preproject/test/Content/ArtResources/Material/Ball/T_EnergyLines.ubulk" 41
"E:/dev/Game_UDGAP/Final/preproject/test/Content/ArtResources/Material/Ball/M_EffectBall.uasset" 42
"E:/dev/Game_UDGAP/Final/preproject/test/Content/ArtResources/Material/Ball/M_EffectBall.uexp" 43
"E:/dev/Game_UDGAP/Final/preproject/test/Content/ArtResources/Material/Ball/SM_EffectBall_1.uasset" 44
"E:/dev/Game_UDGAP/Final/preproject/test/Content/ArtResources/Material/Ball/SM_EffectBall_1.uexp" 45
"E:/dev/Game_UDGAP/Final/preproject/test/Content/Item/ItemBase/Bullet/Bullet_Ice.uasset" 46
"E:/dev/Game_UDGAP/Final/preproject/test/Content/Item/ItemBase/Bullet/Bullet_Ice.uexp" 47
"E:/dev/Game_UDGAP/Final/preproject/test/Content/Music/UpGrade_tower_01.uasset" 48
"E:/dev/Game_UDGAP/Final/preproject/test/Content/Music/UpGrade_tower_01.uexp" 49
"E:/dev/Game_UDGAP/Final/preproject/test/Content/Music/Destroy_tower_01.uasset" 50
"E:/dev/Game_UDGAP/Final/preproject/test/Content/Music/Destroy_tower_01.uexp" 51
"E:/dev/Game_UDGAP/Final/preproject/test/Content/Blueprint/BPI_Tower.uasset" 52
"E:/dev/Game_UDGAP/Final/preproject/test/Content/Blueprint/BPI_Tower.uexp" 53
"E:/dev/Game_UDGAP/Final/preproject/test/Content/Item/TowerBase.uasset" 54
"E:/dev/Game_UDGAP/Final/preproject/test/Content/Item/TowerBase.uexp" 55
"../../../Engine/Content/EditorBlueprintResources/StandardMacros.uasset" 56
"../../../Engine/Content/EditorBlueprintResources/StandardMacros.uexp" 57
"E:/dev/Game_UDGAP/Final/preproject/test/Content/ArtResources/Material/Ball/M_EffectBall1.uasset" 58
"E:/dev/Game_UDGAP/Final/preproject/test/Content/ArtResources/Material/Ball/M_EffectBall1.uexp" 59
"E:/dev/Game_UDGAP/Final/preproject/test/Content/Item/ItemBase/Bullet/Bullet_Fire.uasset" 60
"E:/dev/Game_UDGAP/Final/preproject/test/Content/Item/ItemBase/Bullet/Bullet_Fire.uexp" 61
"E:/dev/Game_UDGAP/Final/preproject/test/Content/ArtResources/StaticMesh/otherM/M_6.uasset" 62
"E:/dev/Game_UDGAP/Final/preproject/test/Content/ArtResources/StaticMesh/otherM/M_6.uexp" 63
"E:/dev/Game_UDGAP/Final/preproject/test/Content/ArtResources/StaticMesh/otherM/M_5.uasset" 64
"E:/dev/Game_UDGAP/Final/preproject/test/Content/ArtResources/StaticMesh/otherM/M_5.uexp" 65
"E:/dev/Game_UDGAP/Final/preproject/test/Content/ArtResources/StaticMesh/otherM/M_4.uasset" 66
"E:/dev/Game_UDGAP/Final/preproject/test/Content/ArtResources/StaticMesh/otherM/M_4.uexp" 67
"E:/dev/Game_UDGAP/Final/preproject/test/Content/ArtResources/StaticMesh/otherM/M_3.uasset" 68
"E:/dev/Game_UDGAP/Final/preproject/test/Content/ArtResources/StaticMesh/otherM/M_3.uexp" 69
"E:/dev/Game_UDGAP/Final/preproject/test/Content/ArtResources/StaticMesh/otherM/M_2.uasset" 70
"E:/dev/Game_UDGAP/Final/preproject/test/Content/ArtResources/StaticMesh/otherM/M_2.uexp" 71
"E:/dev/Game_UDGAP/Final/preproject/test/Content/ArtResources/StaticMesh/otherM/M_1.uasset" 72
"E:/dev/Game_UDGAP/Final/preproject/test/Content/ArtResources/StaticMesh/otherM/M_1.uexp" 73
"E:/dev/Game_UDGAP/Final/preproject/test/Content/ArtResources/StaticMesh/SM_Tower1.uasset" 74
"E:/dev/Game_UDGAP/Final/preproject/test/Content/ArtResources/StaticMesh/SM_Tower1.uexp" 75
"E:/dev/Game_UDGAP/Final/preproject/test/Content/Item/TowerBase/Tower_Fire.uasset" 76
"E:/dev/Game_UDGAP/Final/preproject/test/Content/Item/TowerBase/Tower_Fire.uexp" 77
"E:/dev/Game_UDGAP/Final/preproject/test/Content/AI/Tower/BTTask_SpawnBullte.uasset" 78
"E:/dev/Game_UDGAP/Final/preproject/test/Content/AI/Tower/BTTask_SpawnBullte.uexp" 79
"E:/dev/Game_UDGAP/Final/preproject/test/Content/AI/Tower/BTTask_Reset.uasset" 80
"E:/dev/Game_UDGAP/Final/preproject/test/Content/AI/Tower/BTTask_Reset.uexp" 81
"E:/dev/Game_UDGAP/Final/preproject/test/Content/AI/Tower/BTTask_Wait.uasset" 82
"E:/dev/Game_UDGAP/Final/preproject/test/Content/AI/Tower/BTTask_Wait.uexp" 83
"E:/dev/Game_UDGAP/Final/preproject/test/Content/AI/Tower/BTTask_BlueprintBase_New.uasset" 84
"E:/dev/Game_UDGAP/Final/preproject/test/Content/AI/Tower/BTTask_BlueprintBase_New.uexp" 85
"E:/dev/Game_UDGAP/Final/preproject/test/Content/AI/Tower/BB_Tower.uasset" 86
"E:/dev/Game_UDGAP/Final/preproject/test/Content/AI/Tower/BB_Tower.uexp" 87
"E:/dev/Game_UDGAP/Final/preproject/test/Content/AI/Tower/BT_Tower.uasset" 88
"E:/dev/Game_UDGAP/Final/preproject/test/Content/AI/Tower/BT_Tower.uexp" 89
"E:/dev/Game_UDGAP/Final/preproject/test/Content/Blueprint/BP_TowerController.uasset" 90
"E:/dev/Game_UDGAP/Final/preproject/test/Content/Blueprint/BP_TowerController.uexp" 91
"E:/dev/Game_UDGAP/Final/preproject/test/Content/ArtResources/StaticMesh/otherM/Material.uasset" 92
"E:/dev/Game_UDGAP/Final/preproject/test/Content/ArtResources/StaticMesh/otherM/Material.uexp" 93
"E:/dev/Game_UDGAP/Final/preproject/test/Content/ArtResources/StaticMesh/otherM/M_9.uasset" 94
"E:/dev/Game_UDGAP/Final/preproject/test/Content/ArtResources/StaticMesh/otherM/M_9.uexp" 95
"E:/dev/Game_UDGAP/Final/preproject/test/Content/ArtResources/StaticMesh/otherM/M_8.uasset" 96
"E:/dev/Game_UDGAP/Final/preproject/test/Content/ArtResources/StaticMesh/otherM/M_8.uexp" 97
"E:/dev/Game_UDGAP/Final/preproject/test/Content/ArtResources/StaticMesh/otherM/M_12.uasset" 98
"E:/dev/Game_UDGAP/Final/preproject/test/Content/ArtResources/StaticMesh/otherM/M_12.uexp" 99
"E:/dev/Game_UDGAP/Final/preproject/test/Content/ArtResources/StaticMesh/otherM/M_11.uasset" 100
"E:/dev/Game_UDGAP/Final/preproject/test/Content/ArtResources/StaticMesh/otherM/M_11.uexp" 101
"E:/dev/Game_UDGAP/Final/preproject/test/Content/ArtResources/StaticMesh/otherM/M_10.uasset" 102
"E:/dev/Game_UDGAP/Final/preproject/test/Content/ArtResources/StaticMesh/otherM/M_10.uexp" 103
"E:/dev/Game_UDGAP/Final/preproject/test/Content/ArtResources/StaticMesh/SM_Tower2.uasset" 104
"E:/dev/Game_UDGAP/Final/preproject/test/Content/ArtResources/StaticMesh/SM_Tower2.uexp" 105
"E:/dev/Game_UDGAP/Final/preproject/test/Content/Item/TowerBase/Tower_Ice.uasset" 106
"E:/dev/Game_UDGAP/Final/preproject/test/Content/Item/TowerBase/Tower_Ice.uexp" 107
"E:/dev/Game_UDGAP/Final/preproject/test/Content/UI/UI_Tower2.uasset" 108
"E:/dev/Game_UDGAP/Final/preproject/test/Content/UI/UI_Tower2.uexp" 109
"E:/dev/Game_UDGAP/Final/preproject/test/Content/UI/UI_Tower1.uasset" 110
"E:/dev/Game_UDGAP/Final/preproject/test/Content/UI/UI_Tower1.uexp" 111
"E:/dev/Game_UDGAP/Final/preproject/test/Content/UI/New_Texture.uasset" 112
"E:/dev/Game_UDGAP/Final/preproject/test/Content/UI/New_Texture.uexp" 113
"E:/dev/Game_UDGAP/Final/preproject/test/Content/UI/UI_Win.uasset" 114
"E:/dev/Game_UDGAP/Final/preproject/test/Content/UI/UI_Win.uexp" 115
"E:/dev/Game_UDGAP/Final/preproject/test/Content/UI/WBP_EndForWin.uasset" 116
"E:/dev/Game_UDGAP/Final/preproject/test/Content/UI/WBP_EndForWin.uexp" 117
"E:/dev/Game_UDGAP/Final/preproject/test/Content/UI/UI_Defeat.uasset" 118
"E:/dev/Game_UDGAP/Final/preproject/test/Content/UI/UI_Defeat.uexp" 119
"E:/dev/Game_UDGAP/Final/preproject/test/Content/UI/WBP_EndForDefeat.uasset" 120
"E:/dev/Game_UDGAP/Final/preproject/test/Content/UI/WBP_EndForDefeat.uexp" 121
"E:/dev/Game_UDGAP/Final/preproject/test/Content/UI/Load.uasset" 122
"E:/dev/Game_UDGAP/Final/preproject/test/Content/UI/Load.uexp" 123
"E:/dev/Game_UDGAP/Final/preproject/test/Content/UI/Exit.uasset" 124
"E:/dev/Game_UDGAP/Final/preproject/test/Content/UI/Exit.uexp" 125
"E:/dev/Game_UDGAP/Final/preproject/test/Content/UI/CG_3.uasset" 126
"E:/dev/Game_UDGAP/Final/preproject/test/Content/UI/CG_3.uexp" 127
"E:/dev/Game_UDGAP/Final/preproject/test/Content/UI/CG_2.uasset" 128
"E:/dev/Game_UDGAP/Final/preproject/test/Content/UI/CG_2.uexp" 129
"E:/dev/Game_UDGAP/Final/preproject/test/Content/UI/CG_1.uasset" 130
"E:/dev/Game_UDGAP/Final/preproject/test/Content/UI/CG_1.uexp" 131
"E:/dev/Game_UDGAP/Final/preproject/test/Content/UI/Begin_Note.uasset" 132
"E:/dev/Game_UDGAP/Final/preproject/test/Content/UI/Begin_Note.uexp" 133
"E:/dev/Game_UDGAP/Final/preproject/test/Content/UI/Begin.uasset" 134
"E:/dev/Game_UDGAP/Final/preproject/test/Content/UI/Begin.uexp" 135
"E:/dev/Game_UDGAP/Final/preproject/test/Content/UI/WBP_Begin.uasset" 136
"E:/dev/Game_UDGAP/Final/preproject/test/Content/UI/WBP_Begin.uexp" 137
"E:/dev/Game_UDGAP/Final/preproject/test/Content/UI/UI_Stop.uasset" 138
"E:/dev/Game_UDGAP/Final/preproject/test/Content/UI/UI_Stop.uexp" 139
"E:/dev/Game_UDGAP/Final/preproject/test/Content/UI/UI_Stop.ubulk" 140
"E:/dev/Game_UDGAP/Final/preproject/test/Content/UI/UI_Head.uasset" 141
"E:/dev/Game_UDGAP/Final/preproject/test/Content/UI/UI_Head.uexp" 142
"E:/dev/Game_UDGAP/Final/preproject/test/Content/UI/UI_Head.ubulk" 143
"E:/dev/Game_UDGAP/Final/preproject/test/Content/UI/UI_End.uasset" 144
"E:/dev/Game_UDGAP/Final/preproject/test/Content/UI/UI_End.uexp" 145
"E:/dev/Game_UDGAP/Final/preproject/test/Content/UI/UI_End.ubulk" 146
"E:/dev/Game_UDGAP/Final/preproject/test/Content/UI/RunTimeUI.uasset" 147
"E:/dev/Game_UDGAP/Final/preproject/test/Content/UI/RunTimeUI.uexp" 148
"E:/dev/Game_UDGAP/Final/preproject/test/Content/Blueprint/Gameplay/BP_TestGameInstance.uasset" 149
"E:/dev/Game_UDGAP/Final/preproject/test/Content/Blueprint/Gameplay/BP_TestGameInstance.uexp" 150
"E:/dev/Game_UDGAP/Final/preproject/test/Content/UI/TowerAtrributeUI.uasset" 151
"E:/dev/Game_UDGAP/Final/preproject/test/Content/UI/TowerAtrributeUI.uexp" 152
"E:/dev/Game_UDGAP/Final/preproject/test/Content/Item/ItemBase/TowerFloorBase.uasset" 153
"E:/dev/Game_UDGAP/Final/preproject/test/Content/Item/ItemBase/TowerFloorBase.uexp" 154
"E:/dev/Game_UDGAP/Final/preproject/test/Content/Blueprint/BPI_Pick.uasset" 155
"E:/dev/Game_UDGAP/Final/preproject/test/Content/Blueprint/BPI_Pick.uexp" 156
"E:/dev/Game_UDGAP/Final/preproject/test/Content/ArtResources/StaticMesh/otherM/Player/M_14.uasset" 157
"E:/dev/Game_UDGAP/Final/preproject/test/Content/ArtResources/StaticMesh/otherM/Player/M_14.uexp" 158
"E:/dev/Game_UDGAP/Final/preproject/test/Content/ArtResources/StaticMesh/otherM/Player/M_13.uasset" 159
"E:/dev/Game_UDGAP/Final/preproject/test/Content/ArtResources/StaticMesh/otherM/Player/M_13.uexp" 160
"E:/dev/Game_UDGAP/Final/preproject/test/Content/ArtResources/StaticMesh/SM_Player.uasset" 161
"E:/dev/Game_UDGAP/Final/preproject/test/Content/ArtResources/StaticMesh/SM_Player.uexp" 162
"E:/dev/Game_UDGAP/Final/preproject/test/Content/Blueprint/BP_Player.uasset" 163
"E:/dev/Game_UDGAP/Final/preproject/test/Content/Blueprint/BP_Player.uexp" 164
"E:/dev/Game_UDGAP/Final/preproject/test/Content/Blueprint/Gameplay/BP_TestGameState.uasset" 165
"E:/dev/Game_UDGAP/Final/preproject/test/Content/Blueprint/Gameplay/BP_TestGameState.uexp" 166
"E:/dev/Game_UDGAP/Final/preproject/test/Content/Item/ItemBase/EnemyMoveTarget.uasset" 167
"E:/dev/Game_UDGAP/Final/preproject/test/Content/Item/ItemBase/EnemyMoveTarget.uexp" 168
"E:/dev/Game_UDGAP/Final/preproject/test/Content/AI/Enemy/BB_Enemy.uasset" 169
"E:/dev/Game_UDGAP/Final/preproject/test/Content/AI/Enemy/BB_Enemy.uexp" 170
"E:/dev/Game_UDGAP/Final/preproject/test/Content/AI/Enemy/BTTask_ResetTowerTarget.uasset" 171
"E:/dev/Game_UDGAP/Final/preproject/test/Content/AI/Enemy/BTTask_ResetTowerTarget.uexp" 172
"E:/dev/Game_UDGAP/Final/preproject/test/Content/AI/Enemy/BTTask_InitialMoveTarget.uasset" 173
"E:/dev/Game_UDGAP/Final/preproject/test/Content/AI/Enemy/BTTask_InitialMoveTarget.uexp" 174
"E:/dev/Game_UDGAP/Final/preproject/test/Content/AI/Enemy/BTTask_FindNextTarget.uasset" 175
"E:/dev/Game_UDGAP/Final/preproject/test/Content/AI/Enemy/BTTask_FindNextTarget.uexp" 176
"E:/dev/Game_UDGAP/Final/preproject/test/Content/AI/Enemy/CheckTower.uasset" 177
"E:/dev/Game_UDGAP/Final/preproject/test/Content/AI/Enemy/CheckTower.uexp" 178
"E:/dev/Game_UDGAP/Final/preproject/test/Content/Music/Tower_Hit_01.uasset" 179
"E:/dev/Game_UDGAP/Final/preproject/test/Content/Music/Tower_Hit_01.uexp" 180
"E:/dev/Game_UDGAP/Final/preproject/test/Content/AI/Enemy/BTTask_AttackTower.uasset" 181
"E:/dev/Game_UDGAP/Final/preproject/test/Content/AI/Enemy/BTTask_AttackTower.uexp" 182
"E:/dev/Game_UDGAP/Final/preproject/test/Content/AI/Enemy/BT_Enemy.uasset" 183
"E:/dev/Game_UDGAP/Final/preproject/test/Content/AI/Enemy/BT_Enemy.uexp" 184
"E:/dev/Game_UDGAP/Final/preproject/test/Content/Blueprint/BP_EnemyController.uasset" 185
"E:/dev/Game_UDGAP/Final/preproject/test/Content/Blueprint/BP_EnemyController.uexp" 186
"E:/dev/Game_UDGAP/Final/preproject/test/Content/ArtResources/StaticMesh/otherM/Enemy/M_17.uasset" 187
"E:/dev/Game_UDGAP/Final/preproject/test/Content/ArtResources/StaticMesh/otherM/Enemy/M_17.uexp" 188
"E:/dev/Game_UDGAP/Final/preproject/test/Content/ArtResources/StaticMesh/otherM/Enemy/M_16.uasset" 189
"E:/dev/Game_UDGAP/Final/preproject/test/Content/ArtResources/StaticMesh/otherM/Enemy/M_16.uexp" 190
"E:/dev/Game_UDGAP/Final/preproject/test/Content/ArtResources/StaticMesh/otherM/Enemy/M_15.uasset" 191
"E:/dev/Game_UDGAP/Final/preproject/test/Content/ArtResources/StaticMesh/otherM/Enemy/M_15.uexp" 192
"E:/dev/Game_UDGAP/Final/preproject/test/Content/ArtResources/StaticMesh/SM_Enemy.uasset" 193
"E:/dev/Game_UDGAP/Final/preproject/test/Content/ArtResources/StaticMesh/SM_Enemy.uexp" 194
"E:/dev/Game_UDGAP/Final/preproject/test/Content/Blueprint/BP_Enemy.uasset" 195
"E:/dev/Game_UDGAP/Final/preproject/test/Content/Blueprint/BP_Enemy.uexp" 196
"E:/dev/Game_UDGAP/Final/preproject/test/Content/AI/Tower/EQS_FindEnemya_Ice.uasset" 197
"E:/dev/Game_UDGAP/Final/preproject/test/Content/AI/Tower/EQS_FindEnemya_Ice.uexp" 198
"E:/dev/Game_UDGAP/Final/preproject/test/Content/ArtResources/BaseModel/Blue.uasset" 199
"E:/dev/Game_UDGAP/Final/preproject/test/Content/ArtResources/BaseModel/Blue.uexp" 200
"../../../Engine/Content/EngineMaterials/T_Default_Material_Grid_N.uasset" 201
"../../../Engine/Content/EngineMaterials/T_Default_Material_Grid_N.uexp" 202
"../../../Engine/Content/EngineMaterials/T_Default_Material_Grid_N.ubulk" 203
"../../../Engine/Content/EngineMaterials/T_Default_Material_Grid_M.uasset" 204
"../../../Engine/Content/EngineMaterials/T_Default_Material_Grid_M.uexp" 205
"../../../Engine/Content/EngineMaterials/T_Default_Material_Grid_M.ubulk" 206
"../../../Engine/Content/Functions/Engine_MaterialFunctions01/Opacity/CameraDepthFade.uasset" 207
"../../../Engine/Content/Functions/Engine_MaterialFunctions01/Opacity/CameraDepthFade.uexp" 208
"../../../Engine/Content/EngineMaterials/DefaultMaterial.uasset" 209
"../../../Engine/Content/EngineMaterials/DefaultMaterial.uexp" 210
"E:/dev/Game_UDGAP/Final/preproject/test/Content/ArtResources/BaseModel/Cone.uasset" 211
"E:/dev/Game_UDGAP/Final/preproject/test/Content/ArtResources/BaseModel/Cone.uexp" 212
"E:/dev/Game_UDGAP/Final/preproject/test/Content/ArtResources/BaseModel/Cylinder.uasset" 213
"E:/dev/Game_UDGAP/Final/preproject/test/Content/ArtResources/BaseModel/Cylinder.uexp" 214
"E:/dev/Game_UDGAP/Final/preproject/test/Content/ArtResources/BaseModel/Green.uasset" 215
"E:/dev/Game_UDGAP/Final/preproject/test/Content/ArtResources/BaseModel/Green.uexp" 216
"E:/dev/Game_UDGAP/Final/preproject/test/Content/ArtResources/BaseModel/LightRed.uasset" 217
"E:/dev/Game_UDGAP/Final/preproject/test/Content/ArtResources/BaseModel/LightRed.uexp" 218
"E:/dev/Game_UDGAP/Final/preproject/test/Content/ArtResources/BaseModel/Pink.uasset" 219
"E:/dev/Game_UDGAP/Final/preproject/test/Content/ArtResources/BaseModel/Pink.uexp" 220
"E:/dev/Game_UDGAP/Final/preproject/test/Content/ArtResources/BaseModel/Purple.uasset" 221
"E:/dev/Game_UDGAP/Final/preproject/test/Content/ArtResources/BaseModel/Purple.uexp" 222
"../../../Engine/Content/Functions/Engine_MaterialFunctions02/Utility/MakeFloat2.uasset" 223
"../../../Engine/Content/Functions/Engine_MaterialFunctions02/Utility/MakeFloat2.uexp" 224
"../../../Engine/Content/Functions/Engine_MaterialFunctions01/Coordinates/1Dto2DIndex.uasset" 225
"../../../Engine/Content/Functions/Engine_MaterialFunctions01/Coordinates/1Dto2DIndex.uexp" 226
"../../../Engine/Content/Functions/Engine_MaterialFunctions02/Utility/MakeFloat3.uasset" 227
"../../../Engine/Content/Functions/Engine_MaterialFunctions02/Utility/MakeFloat3.uexp" 228
"../../../Engine/Content/Functions/Engine_MaterialFunctions02/ExampleContent/Textures/SphereRenderHeightMap.uasset" 229
"../../../Engine/Content/Functions/Engine_MaterialFunctions02/ExampleContent/Textures/SphereRenderHeightMap.uexp" 230
"../../../Engine/Content/Functions/Engine_MaterialFunctions02/ExampleContent/Textures/SphereRenderHeightMap.ubulk" 231
"../../../Engine/Content/Functions/Engine_MaterialFunctions02/Utility/BreakOutFloat3Components.uasset" 232
"../../../Engine/Content/Functions/Engine_MaterialFunctions02/Utility/BreakOutFloat3Components.uexp" 233
"../../../Engine/Content/Functions/Engine_MaterialFunctions01/Math/BoxIntersection.uasset" 234
"../../../Engine/Content/Functions/Engine_MaterialFunctions01/Math/BoxIntersection.uexp" 235
"../../../Engine/Content/Functions/Engine_MaterialFunctions01/Volumetrics/BeersLaw.uasset" 236
"../../../Engine/Content/Functions/Engine_MaterialFunctions01/Volumetrics/BeersLaw.uexp" 237
"../../../Engine/Content/Functions/Engine_MaterialFunctions02/Utility/BreakOutFloat2Components.uasset" 238
"../../../Engine/Content/Functions/Engine_MaterialFunctions02/Utility/BreakOutFloat2Components.uexp" 239
"E:/dev/Game_UDGAP/Final/preproject/test/Content/ArtResources/Cloud/MF_RayMarchHeight_Tangent.uasset" 240
"E:/dev/Game_UDGAP/Final/preproject/test/Content/ArtResources/Cloud/MF_RayMarchHeight_Tangent.uexp" 241
"../../../Engine/Content/EngineMaterials/Good64x64TilingNoiseHighFreq.uasset" 242
"../../../Engine/Content/EngineMaterials/Good64x64TilingNoiseHighFreq.uexp" 243
"E:/dev/Game_UDGAP/Final/preproject/test/Content/ArtResources/Cloud/T_Cloud_09_H.uasset" 244
"E:/dev/Game_UDGAP/Final/preproject/test/Content/ArtResources/Cloud/T_Cloud_09_H.uexp" 245
"E:/dev/Game_UDGAP/Final/preproject/test/Content/ArtResources/Cloud/T_Cloud_09_H.ubulk" 246
"../../../Engine/Content/Functions/Engine_MaterialFunctions01/Density/ExponentialDensity.uasset" 247
"../../../Engine/Content/Functions/Engine_MaterialFunctions01/Density/ExponentialDensity.uexp" 248
"../../../Engine/Content/Functions/Engine_MaterialFunctions02/Texturing/ScreenAlignedPixelToPixelUVs.uasset" 249
"../../../Engine/Content/Functions/Engine_MaterialFunctions02/Texturing/ScreenAlignedPixelToPixelUVs.uexp" 250
"../../../Engine/Content/Functions/Engine_MaterialFunctions02/Utility/DitherTemporalAA.uasset" 251
"../../../Engine/Content/Functions/Engine_MaterialFunctions02/Utility/DitherTemporalAA.uexp" 252
"E:/dev/Game_UDGAP/Final/preproject/test/Content/ArtResources/Cloud/M_Cloud_Master.uasset" 253
"E:/dev/Game_UDGAP/Final/preproject/test/Content/ArtResources/Cloud/M_Cloud_Master.uexp" 254
"E:/dev/Game_UDGAP/Final/preproject/test/Content/ArtResources/Cloud/T_Cloud_05_H.uasset" 255
"E:/dev/Game_UDGAP/Final/preproject/test/Content/ArtResources/Cloud/T_Cloud_05_H.uexp" 256
"E:/dev/Game_UDGAP/Final/preproject/test/Content/ArtResources/Cloud/T_Cloud_05_H.ubulk" 257
"E:/dev/Game_UDGAP/Final/preproject/test/Content/ArtResources/Cloud/MI_HDRCloud_1.uasset" 258
"E:/dev/Game_UDGAP/Final/preproject/test/Content/ArtResources/Cloud/MI_HDRCloud_1.uexp" 259
"E:/dev/Game_UDGAP/Final/preproject/test/Content/ArtResources/Cloud/T_Cloud_27_H.uasset" 260
"E:/dev/Game_UDGAP/Final/preproject/test/Content/ArtResources/Cloud/T_Cloud_27_H.uexp" 261
"E:/dev/Game_UDGAP/Final/preproject/test/Content/ArtResources/Cloud/T_Cloud_27_H.ubulk" 262
"E:/dev/Game_UDGAP/Final/preproject/test/Content/ArtResources/Landscape/Grass/T_grass_mask2.uasset" 263
"E:/dev/Game_UDGAP/Final/preproject/test/Content/ArtResources/Landscape/Grass/T_grass_mask2.uexp" 264
"E:/dev/Game_UDGAP/Final/preproject/test/Content/ArtResources/Landscape/Grass/T_grasscolor.uasset" 265
"E:/dev/Game_UDGAP/Final/preproject/test/Content/ArtResources/Landscape/Grass/T_grasscolor.uexp" 266
"../../../Engine/Content/Functions/Engine_MaterialFunctions01/WorldPositionOffset/SimpleGrassWind.uasset" 267
"../../../Engine/Content/Functions/Engine_MaterialFunctions01/WorldPositionOffset/SimpleGrassWind.uexp" 268
"../../../Engine/Content/Functions/Engine_MaterialFunctions02/HueShift.uasset" 269
"../../../Engine/Content/Functions/Engine_MaterialFunctions02/HueShift.uexp" 270
"../../../Engine/Content/Functions/Engine_MaterialFunctions02/WorldPositionOffset/ObjectPivotPoint.uasset" 271
"../../../Engine/Content/Functions/Engine_MaterialFunctions02/WorldPositionOffset/ObjectPivotPoint.uexp" 272
"../../../Engine/Content/Functions/Engine_MaterialFunctions02/Texturing/CustomRotator.uasset" 273
"../../../Engine/Content/Functions/Engine_MaterialFunctions02/Texturing/CustomRotator.uexp" 274
"E:/dev/Game_UDGAP/Final/preproject/test/Content/ArtResources/Landscape/Grass/M_Grass.uasset" 275
"E:/dev/Game_UDGAP/Final/preproject/test/Content/ArtResources/Landscape/Grass/M_Grass.uexp" 276
"E:/dev/Game_UDGAP/Final/preproject/test/Content/ArtResources/Landscape/Grass/MI_Grass_Inst_6.uasset" 277
"E:/dev/Game_UDGAP/Final/preproject/test/Content/ArtResources/Landscape/Grass/MI_Grass_Inst_6.uexp" 278
"E:/dev/Game_UDGAP/Final/preproject/test/Content/ArtResources/Material/Ball/MI_EffectBall.uasset" 279
"E:/dev/Game_UDGAP/Final/preproject/test/Content/ArtResources/Material/Ball/MI_EffectBall.uexp" 280
"E:/dev/Game_UDGAP/Final/preproject/test/Content/ArtResources/Material/Ball/M_Effectball_Inside.uasset" 281
"E:/dev/Game_UDGAP/Final/preproject/test/Content/ArtResources/Material/Ball/M_Effectball_Inside.uexp" 282
"E:/dev/Game_UDGAP/Final/preproject/test/Content/ArtResources/Material/Ball/MI_Effectball_Inside.uasset" 283
"E:/dev/Game_UDGAP/Final/preproject/test/Content/ArtResources/Material/Ball/MI_Effectball_Inside.uexp" 284
"E:/dev/Game_UDGAP/Final/preproject/test/Content/ArtResources/StaticMesh/SM_Cloth_1.uasset" 285
"E:/dev/Game_UDGAP/Final/preproject/test/Content/ArtResources/StaticMesh/SM_Cloth_1.uexp" 286
"E:/dev/Game_UDGAP/Final/preproject/test/Content/ArtResources/StaticMesh/SM_FirePlace_4m.uasset" 287
"E:/dev/Game_UDGAP/Final/preproject/test/Content/ArtResources/StaticMesh/SM_FirePlace_4m.uexp" 288
"E:/dev/Game_UDGAP/Final/preproject/test/Content/ArtResources/StaticMesh/SM_LightCone.uasset" 289
"E:/dev/Game_UDGAP/Final/preproject/test/Content/ArtResources/StaticMesh/SM_LightCone.uexp" 290
"E:/dev/Game_UDGAP/Final/preproject/test/Content/ArtResources/StaticMesh/SM_Lumber_3.uasset" 291
"E:/dev/Game_UDGAP/Final/preproject/test/Content/ArtResources/StaticMesh/SM_Lumber_3.uexp" 292
"E:/dev/Game_UDGAP/Final/preproject/test/Content/ArtResources/StaticMesh/Texture/T_Plants_n.uasset" 293
"E:/dev/Game_UDGAP/Final/preproject/test/Content/ArtResources/StaticMesh/Texture/T_Plants_n.uexp" 294
"E:/dev/Game_UDGAP/Final/preproject/test/Content/ArtResources/StaticMesh/Texture/T_Plants_n.ubulk" 295
"E:/dev/Game_UDGAP/Final/preproject/test/Content/ArtResources/StaticMesh/Texture/T_Plants_bc.uasset" 296
"E:/dev/Game_UDGAP/Final/preproject/test/Content/ArtResources/StaticMesh/Texture/T_Plants_bc.uexp" 297
"E:/dev/Game_UDGAP/Final/preproject/test/Content/ArtResources/StaticMesh/Texture/T_Plants_bc.ubulk" 298
"E:/dev/Game_UDGAP/Final/preproject/test/Content/ArtResources/StaticMesh/Texture/T_Lighthouse_ao_r_m.uasset" 299
"E:/dev/Game_UDGAP/Final/preproject/test/Content/ArtResources/StaticMesh/Texture/T_Lighthouse_ao_r_m.uexp" 300
"E:/dev/Game_UDGAP/Final/preproject/test/Content/ArtResources/StaticMesh/Texture/T_Lighthouse_ao_r_m.ubulk" 301
"E:/dev/Game_UDGAP/Final/preproject/test/Content/ArtResources/StaticMesh/otherM/M_Masked.uasset" 302
"E:/dev/Game_UDGAP/Final/preproject/test/Content/ArtResources/StaticMesh/otherM/M_Masked.uexp" 303
"E:/dev/Game_UDGAP/Final/preproject/test/Content/ArtResources/StaticMesh/Texture/T_LinghCone_mask.uasset" 304
"E:/dev/Game_UDGAP/Final/preproject/test/Content/ArtResources/StaticMesh/Texture/T_LinghCone_mask.uexp" 305
"E:/dev/Game_UDGAP/Final/preproject/test/Content/ArtResources/StaticMesh/Texture/T_LinghCone_mask.ubulk" 306
"E:/dev/Game_UDGAP/Final/preproject/test/Content/Item/ItemBase/ResourcesBase.uasset" 307
"E:/dev/Game_UDGAP/Final/preproject/test/Content/Item/ItemBase/ResourcesBase.uexp" 308
"E:/dev/Game_UDGAP/Final/preproject/test/Content/ArtResources/BaseModel/Sphere.uasset" 309
"E:/dev/Game_UDGAP/Final/preproject/test/Content/ArtResources/BaseModel/Sphere.uexp" 310
"E:/dev/Game_UDGAP/Final/preproject/test/Content/ArtResources/BaseModel/Yellow.uasset" 311
"E:/dev/Game_UDGAP/Final/preproject/test/Content/ArtResources/BaseModel/Yellow.uexp" 312
"E:/dev/Game_UDGAP/Final/preproject/test/Content/Item/ItemBase/Resources/ResourcesBase_1.uasset" 313
"E:/dev/Game_UDGAP/Final/preproject/test/Content/Item/ItemBase/Resources/ResourcesBase_1.uexp" 314
"E:/dev/Game_UDGAP/Final/preproject/test/Content/ArtResources/BaseModel/Hyaline_Blue.uasset" 315
"E:/dev/Game_UDGAP/Final/preproject/test/Content/ArtResources/BaseModel/Hyaline_Blue.uexp" 316
"E:/dev/Game_UDGAP/Final/preproject/test/Content/ArtResources/BaseModel/Cube.uasset" 317
"E:/dev/Game_UDGAP/Final/preproject/test/Content/ArtResources/BaseModel/Cube.uexp" 318
"E:/dev/Game_UDGAP/Final/preproject/test/Content/Item/ItemBase/ResourcesSpawnPoint.uasset" 319
"E:/dev/Game_UDGAP/Final/preproject/test/Content/Item/ItemBase/ResourcesSpawnPoint.uexp" 320
"E:/dev/Game_UDGAP/Final/preproject/test/Content/Item/ItemBase/WeaponBase.uasset" 321
"E:/dev/Game_UDGAP/Final/preproject/test/Content/Item/ItemBase/WeaponBase.uexp" 322
"E:/dev/Game_UDGAP/Final/preproject/test/Content/Music/Walk_enemy_01.uasset" 323
"E:/dev/Game_UDGAP/Final/preproject/test/Content/Music/Walk_enemy_01.uexp" 324
"E:/dev/Game_UDGAP/Final/preproject/test/Content/UI/RoomUI.uasset" 325
"E:/dev/Game_UDGAP/Final/preproject/test/Content/UI/RoomUI.uexp" 326
"E:/dev/Game_UDGAP/Final/preproject/test/Content/UI/BeginUI.uasset" 327
"E:/dev/Game_UDGAP/Final/preproject/test/Content/UI/BeginUI.uexp" 328
"E:/dev/Game_UDGAP/Final/preproject/test/Content/UI/UI_Notice.uasset" 329
"E:/dev/Game_UDGAP/Final/preproject/test/Content/UI/UI_Notice.uexp" 330
"E:/dev/Game_UDGAP/Final/preproject/test/Content/UI/UI_Notice.ubulk" 331
"E:/dev/Game_UDGAP/Final/preproject/test/Content/UI/UI_Start.uasset" 332
"E:/dev/Game_UDGAP/Final/preproject/test/Content/UI/UI_Start.uexp" 333
"../../../Engine/Content/EngineMaterials/WorldGridMaterial.uasset" 334
"../../../Engine/Content/EngineMaterials/WorldGridMaterial.uexp" 335
"../../../Engine/Content/ArtTools/RenderToTexture/Meshes/S_1_Unit_Plane.uasset" 336
"../../../Engine/Content/ArtTools/RenderToTexture/Meshes/S_1_Unit_Plane.uexp" 337
"../../../Engine/Content/BasicShapes/Cone.uasset" 338
"../../../Engine/Content/BasicShapes/Cone.uexp" 339
"../../../Engine/Content/BasicShapes/Cube.uasset" 340
"../../../Engine/Content/BasicShapes/Cube.uexp" 341
"../../../Engine/Content/BasicShapes/Sphere.uasset" 342
"../../../Engine/Content/BasicShapes/Sphere.uexp" 343
"../../../Engine/Content/EditorLandscapeResources/DataLayer.uasset" 344
"../../../Engine/Content/EditorLandscapeResources/DataLayer.uexp" 345
"../../../Engine/Content/EditorLandscapeResources/DefaultAlphaTexture.uasset" 346
"../../../Engine/Content/EditorLandscapeResources/DefaultAlphaTexture.uexp" 347
"../../../Engine/Content/EditorMaterials/MAT_Groups_Toggle.uasset" 348
"../../../Engine/Content/EditorMaterials/MAT_Groups_Toggle.uexp" 349
"../../../Engine/Content/EditorMaterials/MAT_Groups_Visibility.uasset" 350
"../../../Engine/Content/EditorMaterials/MAT_Groups_Visibility.uexp" 351
"../../../Engine/Content/EditorMaterials/PreviewShadowIndicator.uasset" 352
"../../../Engine/Content/EditorMaterials/PreviewShadowIndicator.uexp" 353
"../../../Engine/Content/EditorMaterials/PreviewShadowIndicator.ubulk" 354
"../../../Engine/Content/EditorMaterials/PreviewShadowIndicatorMaterial.uasset" 355
"../../../Engine/Content/EditorMaterials/PreviewShadowIndicatorMaterial.uexp" 356
"../../../Engine/Content/EditorMaterials/MatineeGroups/MAT_ColorTrack.uasset" 357
"../../../Engine/Content/EditorMaterials/MatineeGroups/MAT_ColorTrack.uexp" 358
"../../../Engine/Content/EditorMaterials/MatineeGroups/MAT_Groups_Anim.uasset" 359
"../../../Engine/Content/EditorMaterials/MatineeGroups/MAT_Groups_Anim.uexp" 360
"../../../Engine/Content/EditorMaterials/MatineeGroups/MAT_Groups_AudioMaster.uasset" 361
"../../../Engine/Content/EditorMaterials/MatineeGroups/MAT_Groups_AudioMaster.uexp" 362
"../../../Engine/Content/EditorMaterials/MatineeGroups/MAT_Groups_Director.uasset" 363
"../../../Engine/Content/EditorMaterials/MatineeGroups/MAT_Groups_Director.uexp" 364
"../../../Engine/Content/EditorMaterials/MatineeGroups/MAT_Groups_Event.uasset" 365
"../../../Engine/Content/EditorMaterials/MatineeGroups/MAT_Groups_Event.uexp" 366
"../../../Engine/Content/EditorMaterials/MatineeGroups/MAT_Groups_Fade.uasset" 367
"../../../Engine/Content/EditorMaterials/MatineeGroups/MAT_Groups_Fade.uexp" 368
"../../../Engine/Content/EditorMaterials/MatineeGroups/MAT_Groups_Float.uasset" 369
"../../../Engine/Content/EditorMaterials/MatineeGroups/MAT_Groups_Float.uexp" 370
"../../../Engine/Content/EditorMaterials/MatineeGroups/MAT_Groups_Move.uasset" 371
"../../../Engine/Content/EditorMaterials/MatineeGroups/MAT_Groups_Move.uexp" 372
"../../../Engine/Content/EditorMaterials/MatineeGroups/MAT_Groups_Slomo.uasset" 373
"../../../Engine/Content/EditorMaterials/MatineeGroups/MAT_Groups_Slomo.uexp" 374
"../../../Engine/Content/EditorMaterials/MatineeGroups/MAT_Groups_Sound.uasset" 375
"../../../Engine/Content/EditorMaterials/MatineeGroups/MAT_Groups_Sound.uexp" 376
"../../../Engine/Content/EditorMaterials/MatineeGroups/MAT_Groups_Vector.uasset" 377
"../../../Engine/Content/EditorMaterials/MatineeGroups/MAT_Groups_Vector.uexp" 378
"../../../Engine/Content/EditorMaterials/ParticleSystems/PSysThumbnail_NoImage.uasset" 379
"../../../Engine/Content/EditorMaterials/ParticleSystems/PSysThumbnail_NoImage.uexp" 380
"../../../Engine/Content/EditorMaterials/ParticleSystems/PSysThumbnail_NoImage.ubulk" 381
"../../../Engine/Content/EditorMaterials/ParticleSystems/PSysThumbnail_OOD.uasset" 382
"../../../Engine/Content/EditorMaterials/ParticleSystems/PSysThumbnail_OOD.uexp" 383
"../../../Engine/Content/EditorMaterials/ParticleSystems/PSysThumbnail_OOD.ubulk" 384
"../../../Engine/Content/EditorMaterials/Camera/CineMat.uasset" 385
"../../../Engine/Content/EditorMaterials/Camera/CineMat.uexp" 386
"../../../Engine/Content/EditorMaterials/Camera/MI_CineMat_Rig.uasset" 387
"../../../Engine/Content/EditorMaterials/Camera/MI_CineMat_Rig.uexp" 388
"../../../Engine/Content/EditorMeshes/Camera/SM_CraneRig_Arm.uasset" 389
"../../../Engine/Content/EditorMeshes/Camera/SM_CraneRig_Arm.uexp" 390
"../../../Engine/Content/EditorMeshes/Camera/SM_CraneRig_Base.uasset" 391
"../../../Engine/Content/EditorMeshes/Camera/SM_CraneRig_Base.uexp" 392
"../../../Engine/Content/EditorMeshes/Camera/SM_CraneRig_Body.uasset" 393
"../../../Engine/Content/EditorMeshes/Camera/SM_CraneRig_Body.uexp" 394
"../../../Engine/Content/EditorMeshes/Camera/SM_CraneRig_Mount.uasset" 395
"../../../Engine/Content/EditorMeshes/Camera/SM_CraneRig_Mount.uexp" 396
"../../../Engine/Content/EditorMeshes/Camera/SM_RailRig_Mount.uasset" 397
"../../../Engine/Content/EditorMeshes/Camera/SM_RailRig_Mount.uexp" 398
"../../../Engine/Content/EditorMeshes/Camera/SM_RailRig_Track.uasset" 399
"../../../Engine/Content/EditorMeshes/Camera/SM_RailRig_Track.uexp" 400
"../../../Engine/Content/EditorResources/BSPVertex.uasset" 401
"../../../Engine/Content/EditorResources/BSPVertex.uexp" 402
"../../../Engine/Content/EditorResources/EmptyActor.uasset" 403
"../../../Engine/Content/EditorResources/EmptyActor.uexp" 404
"../../../Engine/Content/EditorResources/S_Actor.uasset" 405
"../../../Engine/Content/EditorResources/S_Actor.uexp" 406
"../../../Engine/Content/EditorResources/S_Actor.ubulk" 407
"../../../Engine/Content/EditorResources/S_Note.uasset" 408
"../../../Engine/Content/EditorResources/S_Note.uexp" 409
"../../../Engine/Content/EditorResources/S_Note.ubulk" 410
"../../../Engine/Content/EditorResources/S_Solver.uasset" 411
"../../../Engine/Content/EditorResources/S_Solver.uexp" 412
"../../../Engine/Content/EditorResources/S_Solver.ubulk" 413
"../../../Engine/Content/EditorResources/S_Terrain.uasset" 414
"../../../Engine/Content/EditorResources/S_Terrain.uexp" 415
"../../../Engine/Content/EditorResources/S_Terrain.ubulk" 416
"../../../Engine/Content/EditorResources/S_Trigger.uasset" 417
"../../../Engine/Content/EditorResources/S_Trigger.uexp" 418
"../../../Engine/Content/EditorResources/S_Trigger.ubulk" 419
"../../../Engine/Content/EditorResources/LightIcons/S_LightError.uasset" 420
"../../../Engine/Content/EditorResources/LightIcons/S_LightError.uexp" 421
"../../../Engine/Content/EditorResources/SequenceRecorder/Countdown.uasset" 422
"../../../Engine/Content/EditorResources/SequenceRecorder/Countdown.uexp" 423
"../../../Engine/Content/EditorResources/SequenceRecorder/RecordingIndicator.uasset" 424
"../../../Engine/Content/EditorResources/SequenceRecorder/RecordingIndicator.uexp" 425
"../../../Engine/Content/EngineDamageTypes/DmgTypeBP_Environmental.uasset" 426
"../../../Engine/Content/EngineDamageTypes/DmgTypeBP_Environmental.uexp" 427
"../../../Engine/Content/EngineDebugMaterials/DebugEditorMaterial.uasset" 428
"../../../Engine/Content/EngineDebugMaterials/DebugEditorMaterial.uexp" 429
"../../../Engine/Content/EngineDebugMaterials/DebugMeshMaterial.uasset" 430
"../../../Engine/Content/EngineDebugMaterials/DebugMeshMaterial.uexp" 431
"../../../Engine/Content/EngineDebugMaterials/M_SimpleUnlitTranslucent.uasset" 432
"../../../Engine/Content/EngineDebugMaterials/M_SimpleUnlitTranslucent.uexp" 433
"../../../Engine/Content/EngineDebugMaterials/VolumeToRender.uasset" 434
"../../../Engine/Content/EngineDebugMaterials/VolumeToRender.uexp" 435
"../../../Engine/Content/Functions/Engine_MaterialFunctions02/Utility/CameraDirectionVector.uasset" 436
"../../../Engine/Content/Functions/Engine_MaterialFunctions02/Utility/CameraDirectionVector.uexp" 437
"../../../Engine/Content/EngineDebugMaterials/M_VolumeRenderSphereTracePP.uasset" 438
"../../../Engine/Content/EngineDebugMaterials/M_VolumeRenderSphereTracePP.uexp" 439
"../../../Engine/Content/Functions/Engine_MaterialFunctions01/Shading/ConvertFromDiffSpec.uasset" 440
"../../../Engine/Content/Functions/Engine_MaterialFunctions01/Shading/ConvertFromDiffSpec.uexp" 441
"../../../Engine/Content/EngineDebugMaterials/VertexColorMaterial.uasset" 442
"../../../Engine/Content/EngineDebugMaterials/VertexColorMaterial.uexp" 443
"../../../Engine/Content/EngineDebugMaterials/WireframeMaterial.uasset" 444
"../../../Engine/Content/EngineDebugMaterials/WireframeMaterial.uexp" 445
"../../../Engine/Content/EngineFonts/Faces/RobotoRegular.uasset" 446
"../../../Engine/Content/EngineFonts/Faces/RobotoRegular.uexp" 447
"../../../Engine/Content/EngineFonts/Faces/RobotoRegular.ufont" 448
"../../../Engine/Content/EngineFonts/Faces/RobotoLight.uasset" 449
"../../../Engine/Content/EngineFonts/Faces/RobotoLight.uexp" 450
"../../../Engine/Content/EngineFonts/Faces/RobotoLight.ufont" 451
"../../../Engine/Content/EngineFonts/Faces/RobotoItalic.uasset" 452
"../../../Engine/Content/EngineFonts/Faces/RobotoItalic.uexp" 453
"../../../Engine/Content/EngineFonts/Faces/RobotoItalic.ufont" 454
"../../../Engine/Content/EngineFonts/Faces/RobotoBoldItalic.uasset" 455
"../../../Engine/Content/EngineFonts/Faces/RobotoBoldItalic.uexp" 456
"../../../Engine/Content/EngineFonts/Faces/RobotoBoldItalic.ufont" 457
"../../../Engine/Content/EngineFonts/Faces/RobotoBold.uasset" 458
"../../../Engine/Content/EngineFonts/Faces/RobotoBold.uexp" 459
"../../../Engine/Content/EngineFonts/Faces/RobotoBold.ufont" 460
"../../../Engine/Content/EngineFonts/Faces/DroidSansFallback.uasset" 461
"../../../Engine/Content/EngineFonts/Faces/DroidSansFallback.uexp" 462
"../../../Engine/Content/EngineFonts/Faces/DroidSansFallback.ufont" 463
"../../../Engine/Content/EngineFonts/Roboto.uasset" 464
"../../../Engine/Content/EngineFonts/Roboto.uexp" 465
"../../../Engine/Content/EngineMaterials/BaseFlattenNormalMap.uasset" 466
"../../../Engine/Content/EngineMaterials/BaseFlattenNormalMap.uexp" 467
"../../../Engine/Content/EngineMaterials/BaseFlattenGrayscaleMap.uasset" 468
"../../../Engine/Content/EngineMaterials/BaseFlattenGrayscaleMap.uexp" 469
"../../../Engine/Content/EngineMaterials/BaseFlattenEmissiveMap.uasset" 470
"../../../Engine/Content/EngineMaterials/BaseFlattenEmissiveMap.uexp" 471
"../../../Engine/Content/EngineMaterials/BaseFlattenDiffuseMap.uasset" 472
"../../../Engine/Content/EngineMaterials/BaseFlattenDiffuseMap.uexp" 473
"../../../Engine/Content/EngineMaterials/BaseFlattenMaterial.uasset" 474
"../../../Engine/Content/EngineMaterials/BaseFlattenMaterial.uexp" 475
"../../../Engine/Content/EngineMaterials/BlueNoise.uasset" 476
"../../../Engine/Content/EngineMaterials/BlueNoise.uexp" 477
"../../../Engine/Content/EngineMaterials/DefaultBloomKernel.uasset" 478
"../../../Engine/Content/EngineMaterials/DefaultBloomKernel.uexp" 479
"../../../Engine/Content/EngineMaterials/DefaultBokeh.uasset" 480
"../../../Engine/Content/EngineMaterials/DefaultBokeh.uexp" 481
"../../../Engine/Content/EngineMaterials/DefaultDiffuse.uasset" 482
"../../../Engine/Content/EngineMaterials/DefaultDiffuse.uexp" 483
"../../../Engine/Content/EngineMaterials/DefaultDiffuse.ubulk" 484
"../../../Engine/Content/EngineMaterials/DefaultDeferredDecalMaterial.uasset" 485
"../../../Engine/Content/EngineMaterials/DefaultDeferredDecalMaterial.uexp" 486
"../../../Engine/Content/EngineMaterials/DefaultLightFunctionMaterial.uasset" 487
"../../../Engine/Content/EngineMaterials/DefaultLightFunctionMaterial.uexp" 488
"../../../Engine/Content/EngineMaterials/DefaultPostProcessMaterial.uasset" 489
"../../../Engine/Content/EngineMaterials/DefaultPostProcessMaterial.uexp" 490
"../../../Engine/Content/EngineFonts/RobotoDistanceField.uasset" 491
"../../../Engine/Content/EngineFonts/RobotoDistanceField.uexp" 492
"../../../Engine/Content/EngineMaterials/DefaultTextMaterialOpaque.uasset" 493
"../../../Engine/Content/EngineMaterials/DefaultTextMaterialOpaque.uexp" 494
"../../../Engine/Content/EngineMaterials/DefaultWhiteGrid.uasset" 495
"../../../Engine/Content/EngineMaterials/DefaultWhiteGrid.uexp" 496
"../../../Engine/Content/EngineMaterials/DefaultWhiteGrid.ubulk" 497
"../../../Engine/Content/EngineMaterials/DefaultWhiteGrid_Low.uasset" 498
"../../../Engine/Content/EngineMaterials/DefaultWhiteGrid_Low.uexp" 499
"../../../Engine/Content/EngineMaterials/EmissiveMeshMaterial.uasset" 500
"../../../Engine/Content/EngineMaterials/EmissiveMeshMaterial.uexp" 501
"../../../Engine/Content/EngineMaterials/GizmoMaterial.uasset" 502
"../../../Engine/Content/EngineMaterials/GizmoMaterial.uexp" 503
"../../../Engine/Content/EngineMaterials/MiniFont.uasset" 504
"../../../Engine/Content/EngineMaterials/MiniFont.uexp" 505
"../../../Engine/Content/EngineMaterials/InvalidLightmapSettings.uasset" 506
"../../../Engine/Content/EngineMaterials/InvalidLightmapSettings.uexp" 507
"../../../Engine/Content/EngineMaterials/InvalidLightmapSettings.ubulk" 508
"../../../Engine/Content/EngineMaterials/M_InvalidLightmapSettings.uasset" 509
"../../../Engine/Content/EngineMaterials/M_InvalidLightmapSettings.uexp" 510
"../../../Engine/Content/Functions/Engine_MaterialFunctions02/WorldPositionOffset/CameraOffset.uasset" 511
"../../../Engine/Content/Functions/Engine_MaterialFunctions02/WorldPositionOffset/CameraOffset.uexp" 512
"../../../Engine/Content/EngineMaterials/PhAT_JointLimitMaterial.uasset" 513
"../../../Engine/Content/EngineMaterials/PhAT_JointLimitMaterial.uexp" 514
"../../../Engine/Content/EngineMaterials/DefaultCalibrationColor.uasset" 515
"../../../Engine/Content/EngineMaterials/DefaultCalibrationColor.uexp" 516
"../../../Engine/Content/EngineMaterials/PPM_DefaultCalibrationColor.uasset" 517
"../../../Engine/Content/EngineMaterials/PPM_DefaultCalibrationColor.uexp" 518
"../../../Engine/Content/EngineMaterials/DefaultCalibrationGrayscale.uasset" 519
"../../../Engine/Content/EngineMaterials/DefaultCalibrationGrayscale.uexp" 520
"../../../Engine/Content/EngineMaterials/PPM_DefaultCalibrationGrayscale.uasset" 521
"../../../Engine/Content/EngineMaterials/PPM_DefaultCalibrationGrayscale.uexp" 522
"../../../Engine/Content/EngineMaterials/PreintegratedSkinBRDF.uasset" 523
"../../../Engine/Content/EngineMaterials/PreintegratedSkinBRDF.uexp" 524
"../../../Engine/Content/EngineMaterials/RemoveSurfaceMaterial.uasset" 525
"../../../Engine/Content/EngineMaterials/RemoveSurfaceMaterial.uexp" 526
"../../../Engine/Content/EngineResources/WhiteSquareTexture.uasset" 527
"../../../Engine/Content/EngineResources/WhiteSquareTexture.uexp" 528
"../../../Engine/Content/EngineMaterials/Widget3DPassThrough.uasset" 529
"../../../Engine/Content/EngineMaterials/Widget3DPassThrough.uexp" 530
"../../../Engine/Content/EngineMaterials/Widget3DPassThrough_Masked.uasset" 531
"../../../Engine/Content/EngineMaterials/Widget3DPassThrough_Masked.uexp" 532
"../../../Engine/Content/EngineMaterials/Widget3DPassThrough_Opaque.uasset" 533
"../../../Engine/Content/EngineMaterials/Widget3DPassThrough_Opaque.uexp" 534
"../../../Engine/Content/EngineMaterials/Widget3DPassThrough_Masked_OneSided.uasset" 535
"../../../Engine/Content/EngineMaterials/Widget3DPassThrough_Masked_OneSided.uexp" 536
"../../../Engine/Content/EngineMaterials/Widget3DPassThrough_Opaque_OneSided.uasset" 537
"../../../Engine/Content/EngineMaterials/Widget3DPassThrough_Opaque_OneSided.uexp" 538
"../../../Engine/Content/EngineMaterials/Widget3DPassThrough_Translucent.uasset" 539
"../../../Engine/Content/EngineMaterials/Widget3DPassThrough_Translucent.uexp" 540
"../../../Engine/Content/EngineMaterials/Widget3DPassThrough_Translucent_OneSided.uasset" 541
"../../../Engine/Content/EngineMaterials/Widget3DPassThrough_Translucent_OneSided.uexp" 542
"../../../Engine/Content/EngineMeshes/Cylinder.uasset" 543
"../../../Engine/Content/EngineMeshes/Cylinder.uexp" 544
"../../../Engine/Content/EngineMeshes/Sphere.uasset" 545
"../../../Engine/Content/EngineMeshes/Sphere.uexp" 546
"../../../Engine/Content/EngineResources/DefaultTexture.uasset" 547
"../../../Engine/Content/EngineResources/DefaultTexture.uexp" 548
"../../../Engine/Content/EngineResources/DefaultTexture.ubulk" 549
"../../../Engine/Content/EngineResources/DefaultTextureCube.uasset" 550
"../../../Engine/Content/EngineResources/DefaultTextureCube.uexp" 551
"../../../Engine/Content/EngineResources/DefaultVolumeTexture2D.uasset" 552
"../../../Engine/Content/EngineResources/DefaultVolumeTexture2D.uexp" 553
"../../../Engine/Content/EngineResources/DefaultVolumeTexture.uasset" 554
"../../../Engine/Content/EngineResources/DefaultVolumeTexture.uexp" 555
"../../../Engine/Content/EngineResources/GradientTexture0.uasset" 556
"../../../Engine/Content/EngineResources/GradientTexture0.uexp" 557
"../../../Engine/Content/EngineSky/VolumetricClouds/T_NoiseErosion.uasset" 558
"../../../Engine/Content/EngineSky/VolumetricClouds/T_NoiseErosion.uexp" 559
"../../../Engine/Content/EngineSky/VolumetricClouds/T_NoiseErosion.ubulk" 560
"../../../Engine/Content/EngineSky/VolumetricClouds/T_VolumeNoiseErosion32.uasset" 561
"../../../Engine/Content/EngineSky/VolumetricClouds/T_VolumeNoiseErosion32.uexp" 562
"../../../Engine/Content/EngineSky/VolumetricClouds/CloudWeatherTexture.uasset" 563
"../../../Engine/Content/EngineSky/VolumetricClouds/CloudWeatherTexture.uexp" 564
"../../../Engine/Content/EngineSky/VolumetricClouds/CloudGradientTexture.uasset" 565
"../../../Engine/Content/EngineSky/VolumetricClouds/CloudGradientTexture.uexp" 566
"../../../Engine/Content/EngineSky/VolumetricClouds/T_NoiseShape64.uasset" 567
"../../../Engine/Content/EngineSky/VolumetricClouds/T_NoiseShape64.uexp" 568
"../../../Engine/Content/EngineSky/VolumetricClouds/T_NoiseShape64.ubulk" 569
"../../../Engine/Content/EngineSky/VolumetricClouds/T_VolumeNoiseShape64.uasset" 570
"../../../Engine/Content/EngineSky/VolumetricClouds/T_VolumeNoiseShape64.uexp" 571
"../../../Engine/Content/EngineSky/VolumetricClouds/m_SimpleVolumetricCloud.uasset" 572
"../../../Engine/Content/EngineSky/VolumetricClouds/m_SimpleVolumetricCloud.uexp" 573
"../../../Engine/Content/EngineSky/VolumetricClouds/m_SimpleVolumetricCloud_Inst.uasset" 574
"../../../Engine/Content/EngineSky/VolumetricClouds/m_SimpleVolumetricCloud_Inst.uexp" 575
"../../../Engine/Content/EngineSounds/Master.uasset" 576
"../../../Engine/Content/EngineSounds/Master.uexp" 577
"../../../Engine/Content/Functions/Engine_MaterialFunctions01/Shading/PowerToRoughness.uasset" 578
"../../../Engine/Content/Functions/Engine_MaterialFunctions01/Shading/PowerToRoughness.uexp" 579
"../../../Engine/Content/Maps/Templates/Thumbnails/Default.uasset" 580
"../../../Engine/Content/Maps/Templates/Thumbnails/Default.uexp" 581
"../../../Engine/Content/Maps/Templates/Thumbnails/TimeOfDay.uasset" 582
"../../../Engine/Content/Maps/Templates/Thumbnails/TimeOfDay.uexp" 583
"../../../Engine/Content/Maps/Templates/Thumbnails/VR-Basic.uasset" 584
"../../../Engine/Content/Maps/Templates/Thumbnails/VR-Basic.uexp" 585
"../../../Engine/Content/MobileResources/T_MobileControls_texture.uasset" 586
"../../../Engine/Content/MobileResources/T_MobileControls_texture.uexp" 587
"../../../Engine/Content/MobileResources/T_MobileMenu2.uasset" 588
"../../../Engine/Content/MobileResources/T_MobileMenu2.uexp" 589
"../../../Engine/Content/MobileResources/HUD/AnalogHat.uasset" 590
"../../../Engine/Content/MobileResources/HUD/AnalogHat.uexp" 591
"../../../Engine/Content/MobileResources/HUD/VirtualJoystick_Thumb.uasset" 592
"../../../Engine/Content/MobileResources/HUD/VirtualJoystick_Thumb.uexp" 593
"../../../Engine/Content/MobileResources/HUD/VirtualJoystick_Background.uasset" 594
"../../../Engine/Content/MobileResources/HUD/VirtualJoystick_Background.uexp" 595
"../../../Engine/Content/MobileResources/HUD/DefaultVirtualJoysticks.uasset" 596
"../../../Engine/Content/MobileResources/HUD/DefaultVirtualJoysticks.uexp" 597
"../../../Engine/Content/MobileResources/HUD/LeftVirtualJoystickOnly.uasset" 598
"../../../Engine/Content/MobileResources/HUD/LeftVirtualJoystickOnly.uexp" 599
"../../../Engine/Content/MobileResources/HUD/MobileHUDButton1_off.uasset" 600
"../../../Engine/Content/MobileResources/HUD/MobileHUDButton1_off.uexp" 601
"../../../Engine/Content/MobileResources/HUD/MobileHUDButton1_on.uasset" 602
"../../../Engine/Content/MobileResources/HUD/MobileHUDButton1_on.uexp" 603
"../../../Engine/Content/MobileResources/HUD/MobileHUDButton2_off.uasset" 604
"../../../Engine/Content/MobileResources/HUD/MobileHUDButton2_off.uexp" 605
"../../../Engine/Content/MobileResources/HUD/MobileHUDButton2_on.uasset" 606
"../../../Engine/Content/MobileResources/HUD/MobileHUDButton2_on.uexp" 607
"../../../Engine/Content/MobileResources/HUD/MobileHUDButton3.uasset" 608
"../../../Engine/Content/MobileResources/HUD/MobileHUDButton3.uexp" 609
"../../../Engine/Content/MobileResources/HUD/MobileHUDButtonFire.uasset" 610
"../../../Engine/Content/MobileResources/HUD/MobileHUDButtonFire.uexp" 611
"../../../Engine/Content/MobileResources/HUD/MobileHUDDirectionPad.uasset" 612
"../../../Engine/Content/MobileResources/HUD/MobileHUDDirectionPad.uexp" 613
"../../../Engine/Content/MobileResources/HUD/MobileHUDDirectionPad2.uasset" 614
"../../../Engine/Content/MobileResources/HUD/MobileHUDDirectionPad2.uexp" 615
"../../../Engine/Content/MobileResources/HUD/MobileHUDDirectionPad3.uasset" 616
"../../../Engine/Content/MobileResources/HUD/MobileHUDDirectionPad3.uexp" 617
"../../../Engine/Content/MobileResources/HUD/MobileHUDDirectionStick.uasset" 618
"../../../Engine/Content/MobileResources/HUD/MobileHUDDirectionStick.uexp" 619
"../../../Engine/Content/MobileResources/HUD/T_Castle_ThumbstickInner.uasset" 620
"../../../Engine/Content/MobileResources/HUD/T_Castle_ThumbstickInner.uexp" 621
"../../../Engine/Content/MobileResources/HUD/T_Castle_ThumbstickOutter.uasset" 622
"../../../Engine/Content/MobileResources/HUD/T_Castle_ThumbstickOutter.uexp" 623
"../../../Engine/Content/Tutorial/ContentIntroCurve.uasset" 624
"../../../Engine/Content/Tutorial/ContentIntroCurve.uexp" 625
"../../../Engine/Content/Tutorial/Basics/TutorialAssets/icon_tab_Levels_40x.uasset" 626
"../../../Engine/Content/Tutorial/Basics/TutorialAssets/icon_tab_Levels_40x.uexp" 627
"../../../Engine/Content/Tutorial/BlueprintTutorials/TutorialAssets/Blueprint_64x.uasset" 628
"../../../Engine/Content/Tutorial/BlueprintTutorials/TutorialAssets/Blueprint_64x.uexp" 629
"../../../Engine/Content/Tutorial/Landscape/TutorialAssets/Landscape.uasset" 630
"../../../Engine/Content/Tutorial/Landscape/TutorialAssets/Landscape.uexp" 631
"../../../Engine/Content/VREditor/TransformGizmo/TranslucentTransformGizmoMaterial.uasset" 632
"../../../Engine/Content/VREditor/TransformGizmo/TranslucentTransformGizmoMaterial.uexp" 633
"../../../Engine/Content/VREditor/LaserPointer/VR_LaserPower_01.uasset" 634
"../../../Engine/Content/VREditor/LaserPointer/VR_LaserPower_01.uexp" 635
"../../../Engine/Content/VREditor/LaserPointer/VR_LaserPower_01.ubulk" 636
"../../../Engine/Content/VREditor/TransformGizmo/TransformGizmoMaterial.uasset" 637
"../../../Engine/Content/VREditor/TransformGizmo/TransformGizmoMaterial.uexp" 638
"../../../Engine/Content/VREditor/TransformGizmo/BoundingBoxCorner.uasset" 639
"../../../Engine/Content/VREditor/TransformGizmo/BoundingBoxCorner.uexp" 640
"../../../Engine/Content/VREditor/TransformGizmo/BoundingBoxEdge.uasset" 641
"../../../Engine/Content/VREditor/TransformGizmo/BoundingBoxEdge.uexp" 642
"../../../Engine/Content/VREditor/TransformGizmo/PlaneTranslationHandle.uasset" 643
"../../../Engine/Content/VREditor/TransformGizmo/PlaneTranslationHandle.uexp" 644
"../../../Engine/Content/VREditor/TransformGizmo/Xray.uasset" 645
"../../../Engine/Content/VREditor/TransformGizmo/Xray.uexp" 646
"../../../Engine/Content/VREditor/TransformGizmo/Main.uasset" 647
"../../../Engine/Content/VREditor/TransformGizmo/Main.uexp" 648
"../../../Engine/Content/VREditor/TransformGizmo/SM_Sequencer_Key.uasset" 649
"../../../Engine/Content/VREditor/TransformGizmo/SM_Sequencer_Key.uexp" 650
"../../../Engine/Content/VREditor/TransformGizmo/SM_Sequencer_Node.uasset" 651
"../../../Engine/Content/VREditor/TransformGizmo/SM_Sequencer_Node.uexp" 652
"../../../Engine/Plugins/2D/Paper2D/Content/PlaceholderTextures/DummySpriteTexture.uasset" 653
"../../../Engine/Plugins/2D/Paper2D/Content/PlaceholderTextures/DummySpriteTexture.uexp" 654
"../../../Engine/Plugins/2D/Paper2D/Content/PlaceholderTextures/DummySpriteTexture.ubulk" 655
"../../../Engine/Plugins/2D/Paper2D/Content/DummySprite.uasset" 656
"../../../Engine/Plugins/2D/Paper2D/Content/DummySprite.uexp" 657
"../../../Engine/Plugins/2D/Paper2D/Content/DefaultPaperTerrainMaterial.uasset" 658
"../../../Engine/Plugins/2D/Paper2D/Content/DefaultPaperTerrainMaterial.uexp" 659
"../../../Engine/Plugins/2D/Paper2D/Content/DefaultSpriteMaterial.uasset" 660
"../../../Engine/Plugins/2D/Paper2D/Content/DefaultSpriteMaterial.uexp" 661
"../../../Engine/Plugins/2D/Paper2D/Content/MaskedUnlitSpriteMaterial.uasset" 662
"../../../Engine/Plugins/2D/Paper2D/Content/MaskedUnlitSpriteMaterial.uexp" 663
"../../../Engine/Plugins/2D/Paper2D/Content/OpaqueUnlitSpriteMaterial.uasset" 664
"../../../Engine/Plugins/2D/Paper2D/Content/OpaqueUnlitSpriteMaterial.uexp" 665
"../../../Engine/Plugins/Editor/SpeedTreeImporter/Content/SpeedTree9/UnpackInteger3.uasset" 666
"../../../Engine/Plugins/Editor/SpeedTreeImporter/Content/SpeedTree9/UnpackInteger3.uexp" 667
"../../../Engine/Plugins/Editor/SpeedTreeImporter/Content/SpeedTree9/UnpackDirection.uasset" 668
"../../../Engine/Plugins/Editor/SpeedTreeImporter/Content/SpeedTree9/UnpackDirection.uexp" 669
"../../../Engine/Plugins/Editor/SpeedTreeImporter/Content/SpeedTree9/game_wind_noise.uasset" 670
"../../../Engine/Plugins/Editor/SpeedTreeImporter/Content/SpeedTree9/game_wind_noise.uexp" 671
"../../../Engine/Plugins/Editor/SpeedTreeImporter/Content/SpeedTree9/game_wind_noise.ubulk" 672
"../../../Engine/Content/Functions/Engine_MaterialFunctions02/SafeNormalize.uasset" 673
"../../../Engine/Content/Functions/Engine_MaterialFunctions02/SafeNormalize.uexp" 674
"../../../Engine/Plugins/Editor/SpeedTreeImporter/Content/SpeedTree9/SpeedTreeWindMotion.uasset" 675
"../../../Engine/Plugins/Editor/SpeedTreeImporter/Content/SpeedTree9/SpeedTreeWindMotion.uexp" 676
"../../../Engine/Plugins/Editor/SpeedTreeImporter/Content/SpeedTree9/SpeedTreeBranchMotion.uasset" 677
"../../../Engine/Plugins/Editor/SpeedTreeImporter/Content/SpeedTree9/SpeedTreeBranchMotion.uexp" 678
"../../../Engine/Content/Functions/Engine_MaterialFunctions02/ObjectLocalBounds.uasset" 679
"../../../Engine/Content/Functions/Engine_MaterialFunctions02/ObjectLocalBounds.uexp" 680
"../../../Engine/Content/Functions/Engine_MaterialFunctions02/UVs/BoundingBoxBased_0-1_UVW.uasset" 681
"../../../Engine/Content/Functions/Engine_MaterialFunctions02/UVs/BoundingBoxBased_0-1_UVW.uexp" 682
"../../../Engine/Content/Functions/Engine_MaterialFunctions02/Utility/VectorLength.uasset" 683
"../../../Engine/Content/Functions/Engine_MaterialFunctions02/Utility/VectorLength.uexp" 684
"../../../Engine/Content/Functions/Engine_MaterialFunctions02/WorldPositionOffset/ObjectScale.uasset" 685
"../../../Engine/Content/Functions/Engine_MaterialFunctions02/WorldPositionOffset/ObjectScale.uexp" 686
"../../../Engine/Plugins/Editor/SpeedTreeImporter/Content/SpeedTree9/SpeedTreeWind.uasset" 687
"../../../Engine/Plugins/Editor/SpeedTreeImporter/Content/SpeedTree9/SpeedTreeWind.uexp" 688
"../../../Engine/Plugins/Editor/SpeedTreeImporter/Content/SpeedTree9/SpeedTreeBillboard.uasset" 689
"../../../Engine/Plugins/Editor/SpeedTreeImporter/Content/SpeedTree9/SpeedTreeBillboard.uexp" 690
"../../../Engine/Plugins/Editor/SpeedTreeImporter/Content/SpeedTree9/EmptyNormal.uasset" 691
"../../../Engine/Plugins/Editor/SpeedTreeImporter/Content/SpeedTree9/EmptyNormal.uexp" 692
"../../../Engine/Plugins/Editor/SpeedTreeImporter/Content/SpeedTree9/Empty.uasset" 693
"../../../Engine/Plugins/Editor/SpeedTreeImporter/Content/SpeedTree9/Empty.uexp" 694
"../../../Engine/Plugins/Editor/SpeedTreeImporter/Content/SpeedTree9/SpeedTreeBillboardMaster.uasset" 695
"../../../Engine/Plugins/Editor/SpeedTreeImporter/Content/SpeedTree9/SpeedTreeBillboardMaster.uexp" 696
"../../../Engine/Plugins/Editor/SpeedTreeImporter/Content/SpeedTree9/SpeedTreeCameraFacing.uasset" 697
"../../../Engine/Plugins/Editor/SpeedTreeImporter/Content/SpeedTree9/SpeedTreeCameraFacing.uexp" 698
"../../../Engine/Plugins/Editor/SpeedTreeImporter/Content/SpeedTree9/SpeedTreeMaster.uasset" 699
"../../../Engine/Plugins/Editor/SpeedTreeImporter/Content/SpeedTree9/SpeedTreeMaster.uexp" 700
"../../../Engine/Content/BasicShapes/Cylinder.uasset" 701
"../../../Engine/Content/BasicShapes/Cylinder.uexp" 702
"../../../Engine/Content/ArtTools/RenderToTexture/Materials/Debug/M_Emissive_Color.uasset" 703
"../../../Engine/Content/ArtTools/RenderToTexture/Materials/Debug/M_Emissive_Color.uexp" 704
"../../../Engine/Plugins/Lumin/MagicLeapPassableWorld/Content/MagicLeapARPinInfoActor.uasset" 705
"../../../Engine/Plugins/Lumin/MagicLeapPassableWorld/Content/MagicLeapARPinInfoActor.uexp" 706
"../../../Engine/Plugins/Runtime/OpenXR/Content/Devices/GoogleDaydream/MRTexture.uasset" 707
"../../../Engine/Plugins/Runtime/OpenXR/Content/Devices/GoogleDaydream/MRTexture.uexp" 708
"../../../Engine/Plugins/Runtime/OpenXR/Content/Devices/GoogleDaydream/MRTexture.ubulk" 709
"../../../Engine/Plugins/Runtime/OpenXR/Content/Devices/GoogleDaydream/BaseTexture.uasset" 710
"../../../Engine/Plugins/Runtime/OpenXR/Content/Devices/GoogleDaydream/BaseTexture.uexp" 711
"../../../Engine/Plugins/Runtime/OpenXR/Content/Devices/GoogleDaydream/BaseTexture.ubulk" 712
"../../../Engine/Content/EngineResources/Black.uasset" 713
"../../../Engine/Content/EngineResources/Black.uexp" 714
"../../../Engine/Plugins/Runtime/OpenXR/Content/Devices/M_XRController.uasset" 715
"../../../Engine/Plugins/Runtime/OpenXR/Content/Devices/M_XRController.uexp" 716
"../../../Engine/Plugins/Runtime/OpenXR/Content/Devices/GoogleDaydream/MI_GoogleDaydream.uasset" 717
"../../../Engine/Plugins/Runtime/OpenXR/Content/Devices/GoogleDaydream/MI_GoogleDaydream.uexp" 718
"../../../Engine/Plugins/Runtime/OpenXR/Content/Devices/GoogleDaydream/GoogleDaydreamController.uasset" 719
"../../../Engine/Plugins/Runtime/OpenXR/Content/Devices/GoogleDaydream/GoogleDaydreamController.uexp" 720
"../../../Engine/Plugins/Runtime/OpenXR/Content/Devices/HTCVive/BaseTexture.uasset" 721
"../../../Engine/Plugins/Runtime/OpenXR/Content/Devices/HTCVive/BaseTexture.uexp" 722
"../../../Engine/Plugins/Runtime/OpenXR/Content/Devices/HTCVive/BaseTexture.ubulk" 723
"../../../Engine/Plugins/Runtime/OpenXR/Content/Devices/HTCVive/MI_HTCVive.uasset" 724
"../../../Engine/Plugins/Runtime/OpenXR/Content/Devices/HTCVive/MI_HTCVive.uexp" 725
"../../../Engine/Plugins/Runtime/OpenXR/Content/Devices/HTCVive/HTCViveController.uasset" 726
"../../../Engine/Plugins/Runtime/OpenXR/Content/Devices/HTCVive/HTCViveController.uexp" 727
"../../../Engine/Plugins/Runtime/OpenXR/Content/Devices/MicrosoftMixedReality/NormalTexture.uasset" 728
"../../../Engine/Plugins/Runtime/OpenXR/Content/Devices/MicrosoftMixedReality/NormalTexture.uexp" 729
"../../../Engine/Plugins/Runtime/OpenXR/Content/Devices/MicrosoftMixedReality/NormalTexture.ubulk" 730
"../../../Engine/Plugins/Runtime/OpenXR/Content/Devices/MicrosoftMixedReality/MRTexture.uasset" 731
"../../../Engine/Plugins/Runtime/OpenXR/Content/Devices/MicrosoftMixedReality/MRTexture.uexp" 732
"../../../Engine/Plugins/Runtime/OpenXR/Content/Devices/MicrosoftMixedReality/MRTexture.ubulk" 733
"../../../Engine/Plugins/Runtime/OpenXR/Content/Devices/MicrosoftMixedReality/EmissiveTexture.uasset" 734
"../../../Engine/Plugins/Runtime/OpenXR/Content/Devices/MicrosoftMixedReality/EmissiveTexture.uexp" 735
"../../../Engine/Plugins/Runtime/OpenXR/Content/Devices/MicrosoftMixedReality/EmissiveTexture.ubulk" 736
"../../../Engine/Plugins/Runtime/OpenXR/Content/Devices/MicrosoftMixedReality/BaseTexture.uasset" 737
"../../../Engine/Plugins/Runtime/OpenXR/Content/Devices/MicrosoftMixedReality/BaseTexture.uexp" 738
"../../../Engine/Plugins/Runtime/OpenXR/Content/Devices/MicrosoftMixedReality/BaseTexture.ubulk" 739
"../../../Engine/Plugins/Runtime/OpenXR/Content/Devices/MicrosoftMixedReality/MI_MicrosoftMixedReality.uasset" 740
"../../../Engine/Plugins/Runtime/OpenXR/Content/Devices/MicrosoftMixedReality/MI_MicrosoftMixedReality.uexp" 741
"../../../Engine/Plugins/Runtime/OpenXR/Content/Devices/MicrosoftMixedReality/Left/left_MicrosoftMixedRealityController.uasset" 742
"../../../Engine/Plugins/Runtime/OpenXR/Content/Devices/MicrosoftMixedReality/Left/left_MicrosoftMixedRealityController.uexp" 743
"../../../Engine/Plugins/Runtime/OpenXR/Content/Devices/MicrosoftMixedReality/Right/right_MicrosoftMixedRealityController.uasset" 744
"../../../Engine/Plugins/Runtime/OpenXR/Content/Devices/MicrosoftMixedReality/Right/right_MicrosoftMixedRealityController.uexp" 745
"../../../Engine/Plugins/Runtime/OpenXR/Content/Devices/OculusGo/BaseTexture.uasset" 746
"../../../Engine/Plugins/Runtime/OpenXR/Content/Devices/OculusGo/BaseTexture.uexp" 747
"../../../Engine/Plugins/Runtime/OpenXR/Content/Devices/OculusGo/BaseTexture.ubulk" 748
"../../../Engine/Plugins/Runtime/OpenXR/Content/Devices/OculusGo/MI_OculusGo.uasset" 749
"../../../Engine/Plugins/Runtime/OpenXR/Content/Devices/OculusGo/MI_OculusGo.uexp" 750
"../../../Engine/Plugins/Runtime/OpenXR/Content/Devices/OculusGo/OculusGoController.uasset" 751
"../../../Engine/Plugins/Runtime/OpenXR/Content/Devices/OculusGo/OculusGoController.uexp" 752
"../../../Engine/Plugins/Runtime/OpenXR/Content/Devices/OculusTouch/MRTexture.uasset" 753
"../../../Engine/Plugins/Runtime/OpenXR/Content/Devices/OculusTouch/MRTexture.uexp" 754
"../../../Engine/Plugins/Runtime/OpenXR/Content/Devices/OculusTouch/MRTexture.ubulk" 755
"../../../Engine/Plugins/Runtime/OpenXR/Content/Devices/OculusTouch/BaseTexture.uasset" 756
"../../../Engine/Plugins/Runtime/OpenXR/Content/Devices/OculusTouch/BaseTexture.uexp" 757
"../../../Engine/Plugins/Runtime/OpenXR/Content/Devices/OculusTouch/BaseTexture.ubulk" 758
"../../../Engine/Plugins/Runtime/OpenXR/Content/Devices/OculusTouch/MI_OculusTouch.uasset" 759
"../../../Engine/Plugins/Runtime/OpenXR/Content/Devices/OculusTouch/MI_OculusTouch.uexp" 760
"../../../Engine/Plugins/Runtime/OpenXR/Content/Devices/OculusTouch/Left/left_OculusTouchController.uasset" 761
"../../../Engine/Plugins/Runtime/OpenXR/Content/Devices/OculusTouch/Left/left_OculusTouchController.uexp" 762
"../../../Engine/Plugins/Runtime/OpenXR/Content/Devices/OculusTouch/Right/right_OculusTouchController.uasset" 763
"../../../Engine/Plugins/Runtime/OpenXR/Content/Devices/OculusTouch/Right/right_OculusTouchController.uexp" 764
"../../../Engine/Plugins/Runtime/OpenXR/Content/Devices/OculusTouch_v2/MRTexture.uasset" 765
"../../../Engine/Plugins/Runtime/OpenXR/Content/Devices/OculusTouch_v2/MRTexture.uexp" 766
"../../../Engine/Plugins/Runtime/OpenXR/Content/Devices/OculusTouch_v2/MRTexture.ubulk" 767
"../../../Engine/Plugins/Runtime/OpenXR/Content/Devices/OculusTouch_v2/BaseTexture.uasset" 768
"../../../Engine/Plugins/Runtime/OpenXR/Content/Devices/OculusTouch_v2/BaseTexture.uexp" 769
"../../../Engine/Plugins/Runtime/OpenXR/Content/Devices/OculusTouch_v2/BaseTexture.ubulk" 770
"../../../Engine/Plugins/Runtime/OpenXR/Content/Devices/OculusTouch_v2/MI_OculusTouch_v2.uasset" 771
"../../../Engine/Plugins/Runtime/OpenXR/Content/Devices/OculusTouch_v2/MI_OculusTouch_v2.uexp" 772
"../../../Engine/Plugins/Runtime/OpenXR/Content/Devices/OculusTouch_v2/Left/left_OculusTouch_v2Controller.uasset" 773
"../../../Engine/Plugins/Runtime/OpenXR/Content/Devices/OculusTouch_v2/Left/left_OculusTouch_v2Controller.uexp" 774
"../../../Engine/Plugins/Runtime/OpenXR/Content/Devices/OculusTouch_v2/Right/right_OculusTouch_v2Controller.uasset" 775
"../../../Engine/Plugins/Runtime/OpenXR/Content/Devices/OculusTouch_v2/Right/right_OculusTouch_v2Controller.uexp" 776
"../../../Engine/Plugins/Runtime/OpenXR/Content/Devices/OculusTouch_v3/MRTexture.uasset" 777
"../../../Engine/Plugins/Runtime/OpenXR/Content/Devices/OculusTouch_v3/MRTexture.uexp" 778
"../../../Engine/Plugins/Runtime/OpenXR/Content/Devices/OculusTouch_v3/MRTexture.ubulk" 779
"../../../Engine/Plugins/Runtime/OpenXR/Content/Devices/OculusTouch_v3/BaseTexture.uasset" 780
"../../../Engine/Plugins/Runtime/OpenXR/Content/Devices/OculusTouch_v3/BaseTexture.uexp" 781
"../../../Engine/Plugins/Runtime/OpenXR/Content/Devices/OculusTouch_v3/BaseTexture.ubulk" 782
"../../../Engine/Plugins/Runtime/OpenXR/Content/Devices/OculusTouch_v3/MI_OculusTouch_v3.uasset" 783
"../../../Engine/Plugins/Runtime/OpenXR/Content/Devices/OculusTouch_v3/MI_OculusTouch_v3.uexp" 784
"../../../Engine/Plugins/Runtime/OpenXR/Content/Devices/OculusTouch_v3/Left/left_OculusTouch_v3Controller.uasset" 785
"../../../Engine/Plugins/Runtime/OpenXR/Content/Devices/OculusTouch_v3/Left/left_OculusTouch_v3Controller.uexp" 786
"../../../Engine/Plugins/Runtime/OpenXR/Content/Devices/OculusTouch_v3/Right/right_OculusTouch_v3Controller.uasset" 787
"../../../Engine/Plugins/Runtime/OpenXR/Content/Devices/OculusTouch_v3/Right/right_OculusTouch_v3Controller.uexp" 788
"../../../Engine/Plugins/Runtime/OpenXR/Content/Devices/ValveIndex/MRTexture.uasset" 789
"../../../Engine/Plugins/Runtime/OpenXR/Content/Devices/ValveIndex/MRTexture.uexp" 790
"../../../Engine/Plugins/Runtime/OpenXR/Content/Devices/ValveIndex/MRTexture.ubulk" 791
"../../../Engine/Plugins/Runtime/OpenXR/Content/Devices/ValveIndex/BaseTexture.uasset" 792
"../../../Engine/Plugins/Runtime/OpenXR/Content/Devices/ValveIndex/BaseTexture.uexp" 793
"../../../Engine/Plugins/Runtime/OpenXR/Content/Devices/ValveIndex/BaseTexture.ubulk" 794
"../../../Engine/Plugins/Runtime/OpenXR/Content/Devices/ValveIndex/Left/MI_left_ValveIndex.uasset" 795
"../../../Engine/Plugins/Runtime/OpenXR/Content/Devices/ValveIndex/Left/MI_left_ValveIndex.uexp" 796
"../../../Engine/Plugins/Runtime/OpenXR/Content/Devices/ValveIndex/Left/left_ValveIndexController.uasset" 797
"../../../Engine/Plugins/Runtime/OpenXR/Content/Devices/ValveIndex/Left/left_ValveIndexController.uexp" 798
"../../../Engine/Plugins/Runtime/OpenXR/Content/Devices/ValveIndex/Right/MI_right_ValveIndex.uasset" 799
"../../../Engine/Plugins/Runtime/OpenXR/Content/Devices/ValveIndex/Right/MI_right_ValveIndex.uexp" 800
"../../../Engine/Plugins/Runtime/OpenXR/Content/Devices/ValveIndex/Right/right_ValveIndexController.uasset" 801
"../../../Engine/Plugins/Runtime/OpenXR/Content/Devices/ValveIndex/Right/right_ValveIndexController.uexp" 802
"../../../Engine/Content/Functions/Engine_MaterialFunctions02/Utility/BreakOutFloat4Components.uasset" 803
"../../../Engine/Content/Functions/Engine_MaterialFunctions02/Utility/BreakOutFloat4Components.uexp" 804
"../../../Engine/Plugins/Runtime/Oculus/OculusVR/Content/Materials/OculusMR_ChromaKey.uasset" 805
"../../../Engine/Plugins/Runtime/Oculus/OculusVR/Content/Materials/OculusMR_ChromaKey.uexp" 806
"../../../Engine/Plugins/Runtime/Oculus/OculusVR/Content/Materials/OculusMR_OpaqueColoredMaterial.uasset" 807
"../../../Engine/Plugins/Runtime/Oculus/OculusVR/Content/Materials/OculusMR_OpaqueColoredMaterial.uexp" 808
"../../../Engine/Plugins/Runtime/Oculus/OculusVR/Content/Materials/PokeAHoleMaterial.uasset" 809
"../../../Engine/Plugins/Runtime/Oculus/OculusVR/Content/Materials/PokeAHoleMaterial.uexp" 810
"../../../Engine/Plugins/Runtime/Oculus/OculusVR/Content/Textures/touchController_controlmap.uasset" 811
"../../../Engine/Plugins/Runtime/Oculus/OculusVR/Content/Textures/touchController_controlmap.uexp" 812
"../../../Engine/Plugins/Runtime/Oculus/OculusVR/Content/Textures/touchController_controlmap.ubulk" 813
"../../../Engine/Plugins/Runtime/Oculus/OculusVR/Content/Textures/touchController_albedo.uasset" 814
"../../../Engine/Plugins/Runtime/Oculus/OculusVR/Content/Textures/touchController_albedo.uexp" 815
"../../../Engine/Plugins/Runtime/Oculus/OculusVR/Content/Textures/touchController_albedo.ubulk" 816
"../../../Engine/Plugins/Runtime/Oculus/OculusVR/Content/Materials/touchController_mat.uasset" 817
"../../../Engine/Plugins/Runtime/Oculus/OculusVR/Content/Materials/touchController_mat.uexp" 818
"../../../Engine/Plugins/Runtime/Oculus/OculusVR/Content/Meshes/LeftTouchController.uasset" 819
"../../../Engine/Plugins/Runtime/Oculus/OculusVR/Content/Meshes/LeftTouchController.uexp" 820
"../../../Engine/Plugins/Runtime/Oculus/OculusVR/Content/Textures/TouchForQuestRiftSController_albedo.uasset" 821
"../../../Engine/Plugins/Runtime/Oculus/OculusVR/Content/Textures/TouchForQuestRiftSController_albedo.uexp" 822
"../../../Engine/Plugins/Runtime/Oculus/OculusVR/Content/Textures/TouchForQuestRiftSController_albedo.ubulk" 823
"../../../Engine/Plugins/Runtime/Oculus/OculusVR/Content/Materials/TouchForQuestRiftSControllerMaterial.uasset" 824
"../../../Engine/Plugins/Runtime/Oculus/OculusVR/Content/Materials/TouchForQuestRiftSControllerMaterial.uexp" 825
"../../../Engine/Plugins/Runtime/Oculus/OculusVR/Content/Meshes/LeftTouchForQuestRiftSController.uasset" 826
"../../../Engine/Plugins/Runtime/Oculus/OculusVR/Content/Meshes/LeftTouchForQuestRiftSController.uexp" 827
"../../../Engine/Plugins/Runtime/Oculus/OculusVR/Content/Meshes/RiftHMD.uasset" 828
"../../../Engine/Plugins/Runtime/Oculus/OculusVR/Content/Meshes/RiftHMD.uexp" 829
"../../../Engine/Plugins/Runtime/Oculus/OculusVR/Content/Meshes/RightTouchController.uasset" 830
"../../../Engine/Plugins/Runtime/Oculus/OculusVR/Content/Meshes/RightTouchController.uexp" 831
"../../../Engine/Plugins/Runtime/Oculus/OculusVR/Content/Meshes/RightTouchForQuestRiftSController.uasset" 832
"../../../Engine/Plugins/Runtime/Oculus/OculusVR/Content/Meshes/RightTouchForQuestRiftSController.uexp" 833
"E:/dev/Game_UDGAP/Final/preproject/test/Content/ArtResources/StaticMesh/Texture/T_Plants_ao_r_m.uasset" 834
"E:/dev/Game_UDGAP/Final/preproject/test/Content/ArtResources/StaticMesh/Texture/T_Plants_ao_r_m.uexp" 835
"E:/dev/Game_UDGAP/Final/preproject/test/Content/ArtResources/StaticMesh/Texture/T_Plants_ao_r_m.ubulk" 836
"E:/dev/Game_UDGAP/Final/preproject/test/Content/ArtResources/StaticMesh/otherM/M_Masked_2sided.uasset" 837
"E:/dev/Game_UDGAP/Final/preproject/test/Content/ArtResources/StaticMesh/otherM/M_Masked_2sided.uexp" 838
"E:/dev/Game_UDGAP/Final/preproject/test/Content/ArtResources/StaticMesh/otherM/MI_Plants.uasset" 839
"E:/dev/Game_UDGAP/Final/preproject/test/Content/ArtResources/StaticMesh/otherM/MI_Plants.uexp" 840
"E:/dev/Game_UDGAP/Final/preproject/test/Content/ArtResources/StaticMesh/SM_Tree_D.uasset" 841
"E:/dev/Game_UDGAP/Final/preproject/test/Content/ArtResources/StaticMesh/SM_Tree_D.uexp" 842
"E:/dev/Game_UDGAP/Final/preproject/test/Content/ArtResources/StaticMesh/SM_Tree_C.uasset" 843
"E:/dev/Game_UDGAP/Final/preproject/test/Content/ArtResources/StaticMesh/SM_Tree_C.uexp" 844
"E:/dev/Game_UDGAP/Final/preproject/test/Content/ArtResources/StaticMesh/SM_Tree_A.uasset" 845
"E:/dev/Game_UDGAP/Final/preproject/test/Content/ArtResources/StaticMesh/SM_Tree_A.uexp" 846
"E:/dev/Game_UDGAP/Final/preproject/test/Content/ArtResources/StaticMesh/Texture/T_Rock_n.uasset" 847
"E:/dev/Game_UDGAP/Final/preproject/test/Content/ArtResources/StaticMesh/Texture/T_Rock_n.uexp" 848
"E:/dev/Game_UDGAP/Final/preproject/test/Content/ArtResources/StaticMesh/Texture/T_Rock_n.ubulk" 849
"E:/dev/Game_UDGAP/Final/preproject/test/Content/ArtResources/StaticMesh/Texture/T_Rock_bc_r.uasset" 850
"E:/dev/Game_UDGAP/Final/preproject/test/Content/ArtResources/StaticMesh/Texture/T_Rock_bc_r.uexp" 851
"E:/dev/Game_UDGAP/Final/preproject/test/Content/ArtResources/StaticMesh/Texture/T_Rock_bc_r.ubulk" 852
"../../../Engine/Content/Functions/Engine_MaterialFunctions02/Texturing/WorldPositionWithScale.uasset" 853
"../../../Engine/Content/Functions/Engine_MaterialFunctions02/Texturing/WorldPositionWithScale.uexp" 854
"E:/dev/Game_UDGAP/Final/preproject/test/Content/ArtResources/StaticMesh/Material/M_Triplanar.uasset" 855
"E:/dev/Game_UDGAP/Final/preproject/test/Content/ArtResources/StaticMesh/Material/M_Triplanar.uexp" 856
"E:/dev/Game_UDGAP/Final/preproject/test/Content/ArtResources/StaticMesh/Material/MI_RockD.uasset" 857
"E:/dev/Game_UDGAP/Final/preproject/test/Content/ArtResources/StaticMesh/Material/MI_RockD.uexp" 858
"E:/dev/Game_UDGAP/Final/preproject/test/Content/ArtResources/StaticMesh/SM_RockD.uasset" 859
"E:/dev/Game_UDGAP/Final/preproject/test/Content/ArtResources/StaticMesh/SM_RockD.uexp" 860
"E:/dev/Game_UDGAP/Final/preproject/test/Content/ArtResources/StaticMesh/Material/MI_RockC.uasset" 861
"E:/dev/Game_UDGAP/Final/preproject/test/Content/ArtResources/StaticMesh/Material/MI_RockC.uexp" 862
"E:/dev/Game_UDGAP/Final/preproject/test/Content/ArtResources/StaticMesh/SM_RockC.uasset" 863
"E:/dev/Game_UDGAP/Final/preproject/test/Content/ArtResources/StaticMesh/SM_RockC.uexp" 864
"E:/dev/Game_UDGAP/Final/preproject/test/Content/ArtResources/StaticMesh/Material/MI_RockB.uasset" 865
"E:/dev/Game_UDGAP/Final/preproject/test/Content/ArtResources/StaticMesh/Material/MI_RockB.uexp" 866
"E:/dev/Game_UDGAP/Final/preproject/test/Content/ArtResources/StaticMesh/SM_RockB.uasset" 867
"E:/dev/Game_UDGAP/Final/preproject/test/Content/ArtResources/StaticMesh/SM_RockB.uexp" 868
"E:/dev/Game_UDGAP/Final/preproject/test/Content/ArtResources/StaticMesh/Material/MI_RockA.uasset" 869
"E:/dev/Game_UDGAP/Final/preproject/test/Content/ArtResources/StaticMesh/Material/MI_RockA.uexp" 870
"E:/dev/Game_UDGAP/Final/preproject/test/Content/ArtResources/StaticMesh/SM_RockA.uasset" 871
"E:/dev/Game_UDGAP/Final/preproject/test/Content/ArtResources/StaticMesh/SM_RockA.uexp" 872
"E:/dev/Game_UDGAP/Final/preproject/test/Content/ArtResources/StaticMesh/Material/M_BaseColor.uasset" 873
"E:/dev/Game_UDGAP/Final/preproject/test/Content/ArtResources/StaticMesh/Material/M_BaseColor.uexp" 874
"E:/dev/Game_UDGAP/Final/preproject/test/Content/ArtResources/StaticMesh/Material/MI_Fence.uasset" 875
"E:/dev/Game_UDGAP/Final/preproject/test/Content/ArtResources/StaticMesh/Material/MI_Fence.uexp" 876
"E:/dev/Game_UDGAP/Final/preproject/test/Content/ArtResources/StaticMesh/SM_Railling.uasset" 877
"E:/dev/Game_UDGAP/Final/preproject/test/Content/ArtResources/StaticMesh/SM_Railling.uexp" 878
"E:/dev/Game_UDGAP/Final/preproject/test/Content/ArtResources/StaticMesh/Material/MI_Woods.uasset" 879
"E:/dev/Game_UDGAP/Final/preproject/test/Content/ArtResources/StaticMesh/Material/MI_Woods.uexp" 880
"E:/dev/Game_UDGAP/Final/preproject/test/Content/ArtResources/StaticMesh/SM_Lumber_2.uasset" 881
"E:/dev/Game_UDGAP/Final/preproject/test/Content/ArtResources/StaticMesh/SM_Lumber_2.uexp" 882
"E:/dev/Game_UDGAP/Final/preproject/test/Content/ArtResources/StaticMesh/SM_Lumber_1.uasset" 883
"E:/dev/Game_UDGAP/Final/preproject/test/Content/ArtResources/StaticMesh/SM_Lumber_1.uexp" 884
"E:/dev/Game_UDGAP/Final/preproject/test/Content/ArtResources/StaticMesh/Texture/T_Lighthouse_n.uasset" 885
"E:/dev/Game_UDGAP/Final/preproject/test/Content/ArtResources/StaticMesh/Texture/T_Lighthouse_n.uexp" 886
"E:/dev/Game_UDGAP/Final/preproject/test/Content/ArtResources/StaticMesh/Texture/T_Lighthouse_n.ubulk" 887
"E:/dev/Game_UDGAP/Final/preproject/test/Content/ArtResources/StaticMesh/Texture/T_Lighthouse_e.uasset" 888
"E:/dev/Game_UDGAP/Final/preproject/test/Content/ArtResources/StaticMesh/Texture/T_Lighthouse_e.uexp" 889
"E:/dev/Game_UDGAP/Final/preproject/test/Content/ArtResources/StaticMesh/Texture/T_Lighthouse_e.ubulk" 890
"E:/dev/Game_UDGAP/Final/preproject/test/Content/ArtResources/StaticMesh/Texture/T_Lighthouse_bc.uasset" 891
"E:/dev/Game_UDGAP/Final/preproject/test/Content/ArtResources/StaticMesh/Texture/T_Lighthouse_bc.uexp" 892
"E:/dev/Game_UDGAP/Final/preproject/test/Content/ArtResources/StaticMesh/Texture/T_Lighthouse_bc.ubulk" 893
"E:/dev/Game_UDGAP/Final/preproject/test/Content/ArtResources/StaticMesh/Material/M_LightHouse.uasset" 894
"E:/dev/Game_UDGAP/Final/preproject/test/Content/ArtResources/StaticMesh/Material/M_LightHouse.uexp" 895
"E:/dev/Game_UDGAP/Final/preproject/test/Content/ArtResources/StaticMesh/Material/MI_LightHouse.uasset" 896
"E:/dev/Game_UDGAP/Final/preproject/test/Content/ArtResources/StaticMesh/Material/MI_LightHouse.uexp" 897
"E:/dev/Game_UDGAP/Final/preproject/test/Content/ArtResources/StaticMesh/SM_Lighthouse.uasset" 898
"E:/dev/Game_UDGAP/Final/preproject/test/Content/ArtResources/StaticMesh/SM_Lighthouse.uexp" 899
"E:/dev/Game_UDGAP/Final/preproject/test/Content/ArtResources/StaticMesh/SM_FirePlace_6m.uasset" 900
"E:/dev/Game_UDGAP/Final/preproject/test/Content/ArtResources/StaticMesh/SM_FirePlace_6m.uexp" 901
"E:/dev/Game_UDGAP/Final/preproject/test/Content/ArtResources/StaticMesh/SM_Cloth_2.uasset" 902
"E:/dev/Game_UDGAP/Final/preproject/test/Content/ArtResources/StaticMesh/SM_Cloth_2.uexp" 903
"E:/dev/Game_UDGAP/Final/preproject/test/Content/ArtResources/StaticMesh/SM_Bucket_2_Water.uasset" 904
"E:/dev/Game_UDGAP/Final/preproject/test/Content/ArtResources/StaticMesh/SM_Bucket_2_Water.uexp" 905
"E:/dev/Game_UDGAP/Final/preproject/test/Content/ArtResources/StaticMesh/SM_Bucket_2_Bucket.uasset" 906
"E:/dev/Game_UDGAP/Final/preproject/test/Content/ArtResources/StaticMesh/SM_Bucket_2_Bucket.uexp" 907
"E:/dev/Game_UDGAP/Final/preproject/test/Content/ArtResources/Texture/T_Smoke_Tiled_D.uasset" 908
"E:/dev/Game_UDGAP/Final/preproject/test/Content/ArtResources/Texture/T_Smoke_Tiled_D.uexp" 909
"E:/dev/Game_UDGAP/Final/preproject/test/Content/ArtResources/Texture/T_Smoke_Tiled_D.ubulk" 910
"E:/dev/Game_UDGAP/Final/preproject/test/Content/ArtResources/StaticMesh/Material/M_Boat.uasset" 911
"E:/dev/Game_UDGAP/Final/preproject/test/Content/ArtResources/StaticMesh/Material/M_Boat.uexp" 912
"E:/dev/Game_UDGAP/Final/preproject/test/Content/ArtResources/StaticMesh/Material/MI_Boat.uasset" 913
"E:/dev/Game_UDGAP/Final/preproject/test/Content/ArtResources/StaticMesh/Material/MI_Boat.uexp" 914
"E:/dev/Game_UDGAP/Final/preproject/test/Content/ArtResources/StaticMesh/SM_Boat.uasset" 915
"E:/dev/Game_UDGAP/Final/preproject/test/Content/ArtResources/StaticMesh/SM_Boat.uexp" 916
"E:/dev/Game_UDGAP/Final/preproject/test/Content/ArtResources/StaticMesh/SM_Bench.uasset" 917
"E:/dev/Game_UDGAP/Final/preproject/test/Content/ArtResources/StaticMesh/SM_Bench.uexp" 918
"E:/dev/Game_UDGAP/Final/preproject/test/Content/ArtResources/StaticMesh/SM_Barrel_2.uasset" 919
"E:/dev/Game_UDGAP/Final/preproject/test/Content/ArtResources/StaticMesh/SM_Barrel_2.uexp" 920
"E:/dev/Game_UDGAP/Final/preproject/test/Content/ArtResources/StaticMesh/SM_Barrel_1.uasset" 921
"E:/dev/Game_UDGAP/Final/preproject/test/Content/ArtResources/StaticMesh/SM_Barrel_1.uexp" 922
"E:/dev/Game_UDGAP/Final/preproject/test/Content/ArtResources/Material/Water/T_Water_N.uasset" 923
"E:/dev/Game_UDGAP/Final/preproject/test/Content/ArtResources/Material/Water/T_Water_N.uexp" 924
"E:/dev/Game_UDGAP/Final/preproject/test/Content/ArtResources/Material/Water/T_Water_N.ubulk" 925
"../../../Engine/Content/Functions/Engine_MaterialFunctions02/Utility/BlendAngleCorrectedNormals.uasset" 926
"../../../Engine/Content/Functions/Engine_MaterialFunctions02/Utility/BlendAngleCorrectedNormals.uexp" 927
"E:/dev/Game_UDGAP/Final/preproject/test/Content/ArtResources/Material/Water/M_Water.uasset" 928
"E:/dev/Game_UDGAP/Final/preproject/test/Content/ArtResources/Material/Water/M_Water.uexp" 929
"E:/dev/Game_UDGAP/Final/preproject/test/Content/ArtResources/Material/Water/MI_Water.uasset" 930
"E:/dev/Game_UDGAP/Final/preproject/test/Content/ArtResources/Material/Water/MI_Water.uexp" 931
"E:/dev/Game_UDGAP/Final/preproject/test/Content/ArtResources/Material/Water/SM_WaterPlane.uasset" 932
"E:/dev/Game_UDGAP/Final/preproject/test/Content/ArtResources/Material/Water/SM_WaterPlane.uexp" 933
"E:/dev/Game_UDGAP/Final/preproject/test/Content/ArtResources/Material/Ball/SM_EffectBall_2.uasset" 934
"E:/dev/Game_UDGAP/Final/preproject/test/Content/ArtResources/Material/Ball/SM_EffectBall_2.uexp" 935
"E:/dev/Game_UDGAP/Final/preproject/test/Content/ArtResources/Landscape/Sands/T_Rock_Shade_Variation.uasset" 936
"E:/dev/Game_UDGAP/Final/preproject/test/Content/ArtResources/Landscape/Sands/T_Rock_Shade_Variation.uexp" 937
"E:/dev/Game_UDGAP/Final/preproject/test/Content/ArtResources/Landscape/Sands/T_Rock_Shade_Variation.ubulk" 938
"E:/dev/Game_UDGAP/Final/preproject/test/Content/ArtResources/Landscape/Sands/T_Grass_ORDp.uasset" 939
"E:/dev/Game_UDGAP/Final/preproject/test/Content/ArtResources/Landscape/Sands/T_Grass_ORDp.uexp" 940
"E:/dev/Game_UDGAP/Final/preproject/test/Content/ArtResources/Landscape/Sands/T_Dusty_ORDp.uasset" 941
"E:/dev/Game_UDGAP/Final/preproject/test/Content/ArtResources/Landscape/Sands/T_Dusty_ORDp.uexp" 942
"E:/dev/Game_UDGAP/Final/preproject/test/Content/ArtResources/Landscape/Grass/MI_Grass_Inst_5.uasset" 943
"E:/dev/Game_UDGAP/Final/preproject/test/Content/ArtResources/Landscape/Grass/MI_Grass_Inst_5.uexp" 944
"E:/dev/Game_UDGAP/Final/preproject/test/Content/ArtResources/Landscape/Grass/SM_Grass1_5.uasset" 945
"E:/dev/Game_UDGAP/Final/preproject/test/Content/ArtResources/Landscape/Grass/SM_Grass1_5.uexp" 946
"E:/dev/Game_UDGAP/Final/preproject/test/Content/ArtResources/Landscape/Grass/MI_Grass_Inst_4.uasset" 947
"E:/dev/Game_UDGAP/Final/preproject/test/Content/ArtResources/Landscape/Grass/MI_Grass_Inst_4.uexp" 948
"E:/dev/Game_UDGAP/Final/preproject/test/Content/ArtResources/Landscape/Grass/SM_Grass1_4.uasset" 949
"E:/dev/Game_UDGAP/Final/preproject/test/Content/ArtResources/Landscape/Grass/SM_Grass1_4.uexp" 950
"E:/dev/Game_UDGAP/Final/preproject/test/Content/ArtResources/Landscape/Grass/MI_Grass_Inst_3.uasset" 951
"E:/dev/Game_UDGAP/Final/preproject/test/Content/ArtResources/Landscape/Grass/MI_Grass_Inst_3.uexp" 952
"E:/dev/Game_UDGAP/Final/preproject/test/Content/ArtResources/Landscape/Grass/SM_Grass1_3.uasset" 953
"E:/dev/Game_UDGAP/Final/preproject/test/Content/ArtResources/Landscape/Grass/SM_Grass1_3.uexp" 954
"E:/dev/Game_UDGAP/Final/preproject/test/Content/ArtResources/Landscape/Grass/MI_Grass_Inst_2.uasset" 955
"E:/dev/Game_UDGAP/Final/preproject/test/Content/ArtResources/Landscape/Grass/MI_Grass_Inst_2.uexp" 956
"E:/dev/Game_UDGAP/Final/preproject/test/Content/ArtResources/Landscape/Grass/SM_Grass1_2.uasset" 957
"E:/dev/Game_UDGAP/Final/preproject/test/Content/ArtResources/Landscape/Grass/SM_Grass1_2.uexp" 958
"E:/dev/Game_UDGAP/Final/preproject/test/Content/ArtResources/Landscape/Grass/MI_Grass_Inst_1.uasset" 959
"E:/dev/Game_UDGAP/Final/preproject/test/Content/ArtResources/Landscape/Grass/MI_Grass_Inst_1.uexp" 960
"E:/dev/Game_UDGAP/Final/preproject/test/Content/ArtResources/Landscape/Grass/SM_Grass1.uasset" 961
"E:/dev/Game_UDGAP/Final/preproject/test/Content/ArtResources/Landscape/Grass/SM_Grass1.uexp" 962
"E:/dev/Game_UDGAP/Final/preproject/test/Content/ArtResources/Cloud/Cloud_Mesh.uasset" 963
"E:/dev/Game_UDGAP/Final/preproject/test/Content/ArtResources/Cloud/Cloud_Mesh.uexp" 964
"../../../Engine/Content/EngineMaterials/WeightMapPlaceholderTexture.uasset" 965
"../../../Engine/Content/EngineMaterials/WeightMapPlaceholderTexture.uexp" 966
"../../../Engine/Content/EngineMaterials/DefaultPhysicalMaterial.uasset" 967
"../../../Engine/Content/EngineMaterials/DefaultPhysicalMaterial.uexp" 968
"../../../Engine/Content/BasicShapes/Plane.uasset" 969
"../../../Engine/Content/BasicShapes/Plane.uexp" 970
"E:/dev/Game_UDGAP/Final/preproject/test/Content/ArtResources/StaticMesh/Material/MI_Wood3.uasset" 971
"E:/dev/Game_UDGAP/Final/preproject/test/Content/ArtResources/StaticMesh/Material/MI_Wood3.uexp" 972
"E:/dev/Game_UDGAP/Final/preproject/test/Content/ArtResources/StaticMesh/Material/MI_Wood2.uasset" 973
"E:/dev/Game_UDGAP/Final/preproject/test/Content/ArtResources/StaticMesh/Material/MI_Wood2.uexp" 974
"E:/dev/Game_UDGAP/Final/preproject/test/Content/ArtResources/StaticMesh/Material/MI_Water.uasset" 975
"E:/dev/Game_UDGAP/Final/preproject/test/Content/ArtResources/StaticMesh/Material/MI_Water.uexp" 976
"E:/dev/Game_UDGAP/Final/preproject/test/Content/ArtResources/StaticMesh/Material/MI_RockA_2.uasset" 977
"E:/dev/Game_UDGAP/Final/preproject/test/Content/ArtResources/StaticMesh/Material/MI_RockA_2.uexp" 978
"E:/dev/Game_UDGAP/Final/preproject/test/Content/ArtResources/StaticMesh/Material/M_flag.uasset" 979
"E:/dev/Game_UDGAP/Final/preproject/test/Content/ArtResources/StaticMesh/Material/M_flag.uexp" 980
"E:/dev/Game_UDGAP/Final/preproject/test/Content/ArtResources/StaticMesh/Material/MI_flag.uasset" 981
"E:/dev/Game_UDGAP/Final/preproject/test/Content/ArtResources/StaticMesh/Material/MI_flag.uexp" 982
"E:/dev/Game_UDGAP/Final/preproject/test/Content/ArtResources/StaticMesh/Material/MI_BaseColor_Bar.uasset" 983
"E:/dev/Game_UDGAP/Final/preproject/test/Content/ArtResources/StaticMesh/Material/MI_BaseColor_Bar.uexp" 984
"E:/dev/Game_UDGAP/Final/preproject/test/Content/ArtResources/StaticMesh/Material/MI_Bar2.uasset" 985
"E:/dev/Game_UDGAP/Final/preproject/test/Content/ArtResources/StaticMesh/Material/MI_Bar2.uexp" 986
"E:/dev/Game_UDGAP/Final/preproject/test/Content/ArtResources/Postprocess/Scene_Base.uasset" 987
"E:/dev/Game_UDGAP/Final/preproject/test/Content/ArtResources/Postprocess/Scene_Base.uexp" 988
"E:/dev/Game_UDGAP/Final/preproject/test/Content/ArtResources/Postprocess/Scene.uasset" 989
"E:/dev/Game_UDGAP/Final/preproject/test/Content/ArtResources/Postprocess/Scene.uexp" 990
"E:/dev/Game_UDGAP/Final/preproject/test/Content/ArtResources/Postprocess/M_Camera.uasset" 991
"E:/dev/Game_UDGAP/Final/preproject/test/Content/ArtResources/Postprocess/M_Camera.uexp" 992
"E:/dev/Game_UDGAP/Final/preproject/test/Content/ArtResources/Postprocess/MI_Camera_Inst.uasset" 993
"E:/dev/Game_UDGAP/Final/preproject/test/Content/ArtResources/Postprocess/MI_Camera_Inst.uexp" 994
"E:/dev/Game_UDGAP/Final/preproject/test/Content/ArtResources/Landscape/Sands/M_Landscape.uasset" 995
"E:/dev/Game_UDGAP/Final/preproject/test/Content/ArtResources/Landscape/Sands/M_Landscape.uexp" 996
"E:/dev/Game_UDGAP/Final/preproject/test/Content/ArtResources/Landscape/Sands/MI_Landscape.uasset" 997
"E:/dev/Game_UDGAP/Final/preproject/test/Content/ArtResources/Landscape/Sands/MI_Landscape.uexp" 998
"E:/dev/Game_UDGAP/Final/preproject/test/Content/ArtResources/Cloud/T_Cloud_40_H.uasset" 999
"E:/dev/Game_UDGAP/Final/preproject/test/Content/ArtResources/Cloud/T_Cloud_40_H.uexp" 1000
"E:/dev/Game_UDGAP/Final/preproject/test/Content/ArtResources/Cloud/T_Cloud_40_H.ubulk" 1001
"E:/dev/Game_UDGAP/Final/preproject/test/Content/ArtResources/Cloud/MI_HDRCloud_3.uasset" 1002
"E:/dev/Game_UDGAP/Final/preproject/test/Content/ArtResources/Cloud/MI_HDRCloud_3.uexp" 1003
"E:/dev/Game_UDGAP/Final/preproject/test/Content/ArtResources/Cloud/T_Cloud_06_H.uasset" 1004
"E:/dev/Game_UDGAP/Final/preproject/test/Content/ArtResources/Cloud/T_Cloud_06_H.uexp" 1005
"E:/dev/Game_UDGAP/Final/preproject/test/Content/ArtResources/Cloud/T_Cloud_06_H.ubulk" 1006
"E:/dev/Game_UDGAP/Final/preproject/test/Content/ArtResources/Cloud/MI_HDRCloud_2.uasset" 1007
"E:/dev/Game_UDGAP/Final/preproject/test/Content/ArtResources/Cloud/MI_HDRCloud_2.uexp" 1008
"E:/dev/Game_UDGAP/Final/preproject/test/Content/ArtResources/StaticMesh/Material/M_Boat_2.uasset" 1009
"E:/dev/Game_UDGAP/Final/preproject/test/Content/ArtResources/StaticMesh/Material/M_Boat_2.uexp" 1010
"../../../Engine/Content/BasicShapes/BasicShapeMaterial.uasset" 1011
"../../../Engine/Content/BasicShapes/BasicShapeMaterial.uexp" 1012
"E:/dev/Game_UDGAP/Final/preproject/test/Content/Maps/Main_Art_BuiltData.uasset" 1013
"E:/dev/Game_UDGAP/Final/preproject/test/Content/Maps/Main_Art_BuiltData.uexp" 1014
"E:/dev/Game_UDGAP/Final/preproject/test/Content/Maps/Main_Art_BuiltData.ubulk" 1015
"E:/dev/Game_UDGAP/Final/preproject/test/Content/ArtResources/Landscape/Sands_LayerInfo.uasset" 1016
"E:/dev/Game_UDGAP/Final/preproject/test/Content/ArtResources/Landscape/Sands_LayerInfo.uexp" 1017
"E:/dev/Game_UDGAP/Final/preproject/test/Content/ArtResources/Landscape/Mud_LayerInfo.uasset" 1018
"E:/dev/Game_UDGAP/Final/preproject/test/Content/ArtResources/Landscape/Mud_LayerInfo.uexp" 1019
"E:/dev/Game_UDGAP/Final/preproject/test/Content/ArtResources/Landscape/Grass_LayerInfo.uasset" 1020
"E:/dev/Game_UDGAP/Final/preproject/test/Content/ArtResources/Landscape/Grass_LayerInfo.uexp" 1021
"E:/dev/Game_UDGAP/Final/preproject/test/Content/ArtResources/BaseModel/Hyaline_Black.uasset" 1022
"E:/dev/Game_UDGAP/Final/preproject/test/Content/ArtResources/BaseModel/Hyaline_Black.uexp" 1023
"E:/dev/Game_UDGAP/Final/preproject/test/Content/Item/ItemBase/TowerFloor/TowerFloor_1.uasset" 1024
"E:/dev/Game_UDGAP/Final/preproject/test/Content/Item/ItemBase/TowerFloor/TowerFloor_1.uexp" 1025
"E:/dev/Game_UDGAP/Final/preproject/test/Content/ArtResources/Postprocess/MI_Camera_Inst_2.uasset" 1026
"E:/dev/Game_UDGAP/Final/preproject/test/Content/ArtResources/Postprocess/MI_Camera_Inst_2.uexp" 1027
"E:/dev/Game_UDGAP/Final/preproject/test/Content/ArtResources/BaseModel/Red.uasset" 1028
"E:/dev/Game_UDGAP/Final/preproject/test/Content/ArtResources/BaseModel/Red.uexp" 1029
"E:/dev/Game_UDGAP/Final/preproject/test/Content/Item/ItemBase/EnemySpawnPoint.uasset" 1030
"E:/dev/Game_UDGAP/Final/preproject/test/Content/Item/ItemBase/EnemySpawnPoint.uexp" 1031
"E:/dev/Game_UDGAP/Final/preproject/test/Content/Blueprint/Gameplay/BP_TestPlayerState.uasset" 1032
"E:/dev/Game_UDGAP/Final/preproject/test/Content/Blueprint/Gameplay/BP_TestPlayerState.uexp" 1033
"E:/dev/Game_UDGAP/Final/preproject/test/Content/Music/Walk_Player_01.uasset" 1034
"E:/dev/Game_UDGAP/Final/preproject/test/Content/Music/Walk_Player_01.uexp" 1035
"E:/dev/Game_UDGAP/Final/preproject/test/Content/Blueprint/BP_PlayerController.uasset" 1036
"E:/dev/Game_UDGAP/Final/preproject/test/Content/Blueprint/BP_PlayerController.uexp" 1037
"E:/dev/Game_UDGAP/Final/preproject/test/Content/Blueprint/Gameplay/BP_TestGameMode.uasset" 1038
"E:/dev/Game_UDGAP/Final/preproject/test/Content/Blueprint/Gameplay/BP_TestGameMode.uexp" 1039
"E:/dev/Game_UDGAP/Final/preproject/test/Content/Maps/Main_Art.uexp" 1040
"E:/dev/Game_UDGAP/Final/preproject/test/Content/Maps/Main_Art.ubulk" 1041
"E:/dev/Game_UDGAP/Final/preproject/test/Content/Maps/Main_Art.umap" 1042
"E:/dev/Game_UDGAP/Final/preproject/test/Content/Maps/Begin.uexp" 1043
"E:/dev/Game_UDGAP/Final/preproject/test/Content/Maps/Begin.umap" 1044
